Unity Editor version:    2020.3.19f1 (68f137dc9bbe)
Branch:                  2020.3/staging
Build type:              Release
Batch mode:              YES
System name:             Linux
Distro version:          #1 SMP PREEMPT Wed, 22 Sep 2021 21:35:11 +0000
Kernel version:          5.14.7-arch1-1
Architecture:            x86_64
Available memory:        15851 MB
Using pre-set license
Pro License: NO
Desktop is 1920 x 1080 @ 60 Hz

COMMAND LINE ARGUMENTS:
Unity
-adb2
-batchMode
-noUpm
-name
AssetImportWorker0
-projectPath
/home/han/Documents/Unity/Unity2nd/MenuSystem
-logFile
Logs/AssetImportWorker0.log
-srvPort
40039
Successfully changed project path to: /home/han/Documents/Unity/Unity2nd/MenuSystem
/home/han/Documents/Unity/Unity2nd/MenuSystem
Using Asset Import Pipeline V2.
Unable to load player prefs
Refreshing native plugins compatible for Editor in 33.24 ms, found 0 plugins.
Preloading 0 native plugins for Editor in 0.00 ms.
Initialize engine version: 2020.3.19f1 (68f137dc9bbe)
[Subsystems] Discovering subsystems at path /home/han/Unity/Hub/Editor/2020.3.19f1/Editor/Data/Resources/UnitySubsystems
[Subsystems] Discovering subsystems at path /home/han/Documents/Unity/Unity2nd/MenuSystem/Assets
GLX Extensions: GLX_ARB_create_context GLX_ARB_create_context_no_error GLX_ARB_create_context_profile GLX_ARB_create_context_robustness GLX_ARB_fbconfig_float GLX_ARB_framebuffer_sRGB GLX_ARB_get_proc_address GLX_ARB_multisample GLX_EXT_buffer_age GLX_EXT_create_context_es2_profile GLX_EXT_create_context_es_profile GLX_EXT_fbconfig_packed_float GLX_EXT_framebuffer_sRGB GLX_EXT_import_context GLX_EXT_no_config_context GLX_EXT_swap_control GLX_EXT_swap_control_tear GLX_EXT_texture_from_pixmap GLX_EXT_visual_info GLX_EXT_visual_rating GLX_INTEL_swap_event GLX_MESA_copy_sub_buffer GLX_MESA_query_renderer GLX_MESA_swap_control GLX_OML_swap_method GLX_OML_sync_control GLX_SGIS_multisample GLX_SGIX_fbconfig GLX_SGIX_pbuffer GLX_SGIX_visual_select_group GLX_SGI_make_current_read GLX_SGI_swap_control GLX_SGI_video_sync 
Renderer: Mesa Intel(R) UHD Graphics 630 (CFL GT2)
Vendor:   Intel
Version:  4.6 (Core Profile) Mesa 21.2.2
GLES:     0
 GL_3DFX_texture_compression_FXT1 GL_AMD_conservative_depth GL_AMD_depth_clamp_separate GL_AMD_draw_buffers_blend GL_AMD_gpu_shader_int64 GL_AMD_multi_draw_indirect GL_AMD_performance_monitor GL_AMD_pinned_memory GL_AMD_query_buffer_object GL_AMD_seamless_cubemap_per_texture GL_AMD_shader_stencil_export GL_AMD_shader_trinary_minmax GL_AMD_texture_texture4 GL_AMD_vertex_shader_layer GL_AMD_vertex_shader_viewport_index GL_ANGLE_texture_compression_dxt3 GL_ANGLE_texture_compression_dxt5 GL_ARB_ES2_compatibility GL_ARB_ES3_1_compatibility GL_ARB_ES3_2_compatibility GL_ARB_ES3_compatibility GL_ARB_arrays_of_arrays GL_ARB_base_instance GL_ARB_blend_func_extended GL_ARB_buffer_storage GL_ARB_clear_buffer_object GL_ARB_clear_texture GL_ARB_clip_control GL_ARB_compressed_texture_pixel_storage GL_ARB_compute_shader GL_ARB_compute_variable_group_size GL_ARB_conditional_render_inverted GL_ARB_conservative_depth GL_ARB_copy_buffer GL_ARB_copy_image GL_ARB_cull_distance GL_ARB_debug_output GL_ARB_depth_buffer_float GL_ARB
_depth_clamp GL_ARB_derivative_control GL_ARB_direct_state_access GL_ARB_draw_buffers GL_ARB_draw_buffers_blend GL_ARB_draw_elements_base_vertex GL_ARB_draw_indirect GL_ARB_draw_instanced GL_ARB_enhanced_layouts GL_ARB_explicit_attrib_location GL_ARB_explicit_uniform_location GL_ARB_fragment_coord_conventions GL_ARB_fragment_layer_viewport GL_ARB_fragment_shader GL_ARB_fragment_shader_interlock GL_ARB_framebuffer_no_attachments GL_ARB_framebuffer_object GL_ARB_framebuffer_sRGB GL_ARB_get_program_binary GL_ARB_get_texture_sub_image GL_ARB_gl_spirv GL_ARB_gpu_shader5 GL_ARB_gpu_shader_fp64 GL_ARB_gpu_shader_int64 GL_ARB_half_float_pixel GL_ARB_half_float_vertex GL_ARB_indirect_parameters GL_ARB_instanced_arrays GL_ARB_internalformat_query GL_ARB_internalformat_query2 GL_ARB_invalidate_subdata GL_ARB_map_buffer_alignment GL_ARB_map_buffer_range GL_ARB_multi_bind GL_ARB_multi_draw_indirect GL_ARB_occlusion_query2 GL_ARB_parallel_shader_compile GL_ARB_pipeline_statistics_query GL_ARB_pixel_buffer_object GL_ARB_po
int_sprite GL_ARB_polygon_offset_clamp GL_ARB_post_depth_coverage GL_ARB_program_interface_query GL_ARB_provoking_vertex GL_ARB_query_buffer_object GL_ARB_robust_buffer_access_behavior GL_ARB_robustness GL_ARB_sample_shading GL_ARB_sampler_objects GL_ARB_seamless_cube_map GL_ARB_seamless_cubemap_per_texture GL_ARB_separate_shader_objects GL_ARB_shader_atomic_counter_ops GL_ARB_shader_atomic_counters GL_ARB_shader_ballot GL_ARB_shader_bit_encoding GL_ARB_shader_clock GL_ARB_shader_draw_parameters GL_ARB_shader_group_vote GL_ARB_shader_image_load_store GL_ARB_shader_image_size GL_ARB_shader_objects GL_ARB_shader_precision GL_ARB_shader_stencil_export GL_ARB_shader_storage_buffer_object GL_ARB_shader_subroutine GL_ARB_shader_texture_image_samples GL_ARB_shader_texture_lod GL_ARB_shader_viewport_layer_array GL_ARB_shading_language_420pack GL_ARB_shading_language_include GL_ARB_shading_language_packing GL_ARB_spirv_extensions GL_ARB_stencil_texturing GL_ARB_sync GL_ARB_tessellation_shader GL_ARB_texture_barrier G
L_ARB_texture_buffer_object GL_ARB_texture_buffer_object_rgb32 GL_ARB_texture_buffer_range GL_ARB_texture_compression_bptc GL_ARB_texture_compression_rgtc GL_ARB_texture_cube_map_array GL_ARB_texture_filter_anisotropic GL_ARB_texture_float GL_ARB_texture_gather GL_ARB_texture_mirror_clamp_to_edge GL_ARB_texture_multisample GL_ARB_texture_non_power_of_two GL_ARB_texture_query_levels GL_ARB_texture_query_lod GL_ARB_texture_rectangle GL_ARB_texture_rg GL_ARB_texture_rgb10_a2ui GL_ARB_texture_stencil8 GL_ARB_texture_storage GL_ARB_texture_storage_multisample GL_ARB_texture_swizzle GL_ARB_texture_view GL_ARB_timer_query GL_ARB_transform_feedback2 GL_ARB_transform_feedback3 GL_ARB_transform_feedback_instanced GL_ARB_transform_feedback_overflow_query GL_ARB_uniform_buffer_object GL_ARB_vertex_array_bgra GL_ARB_vertex_array_object GL_ARB_vertex_attrib_64bit GL_ARB_vertex_attrib_binding GL_ARB_vertex_buffer_object GL_ARB_vertex_shader GL_ARB_vertex_type_10f_11f_11f_rev GL_ARB_vertex_type_2_10_10_10_rev GL_ARB_viewpor
t_array GL_ATI_blend_equation_separate GL_ATI_texture_float GL_EXT_EGL_image_storage GL_EXT_EGL_sync GL_EXT_abgr GL_EXT_blend_equation_separate GL_EXT_demote_to_helper_invocation GL_EXT_draw_buffers2 GL_EXT_draw_instanced GL_EXT_framebuffer_blit GL_EXT_framebuffer_multisample GL_EXT_framebuffer_multisample_blit_scaled GL_EXT_framebuffer_object GL_EXT_framebuffer_sRGB GL_EXT_memory_object GL_EXT_memory_object_fd GL_EXT_packed_depth_stencil GL_EXT_packed_float GL_EXT_pixel_buffer_object GL_EXT_polygon_offset_clamp GL_EXT_provoking_vertex GL_EXT_semaphore GL_EXT_semaphore_fd GL_EXT_shader_framebuffer_fetch GL_EXT_shader_framebuffer_fetch_non_coherent GL_EXT_shader_integer_mix GL_EXT_shader_samples_identical GL_EXT_texture_array GL_EXT_texture_compression_dxt1 GL_EXT_texture_compression_rgtc GL_EXT_texture_compression_s3tc GL_EXT_texture_filter_anisotropic GL_EXT_texture_integer GL_EXT_texture_sRGB GL_EXT_texture_sRGB_R8 GL_EXT_texture_sRGB_decode GL_EXT_texture_shadow_lod GL_EXT_texture_shared_exponent GL_EXT_t
exture_snorm GL_EXT_texture_swizzle GL_EXT_timer_query GL_EXT_transform_feedback GL_EXT_vertex_array_bgra GL_EXT_vertex_attrib_64bit GL_IBM_multimode_draw_arrays GL_INTEL_blackhole_render GL_INTEL_conservative_rasterization GL_INTEL_performance_query GL_INTEL_shader_atomic_float_minmax GL_INTEL_shader_integer_functions2 GL_KHR_blend_equation_advanced GL_KHR_blend_equation_advanced_coherent GL_KHR_context_flush_control GL_KHR_debug GL_KHR_no_error GL_KHR_parallel_shader_compile GL_KHR_robust_buffer_access_behavior GL_KHR_robustness GL_KHR_texture_compression_astc_ldr GL_KHR_texture_compression_astc_sliced_3d GL_MESA_framebuffer_flip_y GL_MESA_pack_invert GL_MESA_shader_integer_functions GL_MESA_texture_signed_rgba GL_NV_compute_shader_derivatives GL_NV_conditional_render GL_NV_copy_image GL_NV_depth_clamp GL_NV_fragment_shader_interlock GL_NV_packed_depth_stencil GL_NV_texture_barrier GL_OES_EGL_image GL_S3_s3tc
OPENGL LOG: Creating OpenGL 4.6 graphics device ; Context level  <OpenGL 4.5> ; Context handle 439277360
Initialize mono
Mono path[0] = '/home/han/Unity/Hub/Editor/2020.3.19f1/Editor/Data/Managed'
Mono path[1] = '/home/han/Unity/Hub/Editor/2020.3.19f1/Editor/Data/MonoBleedingEdge/lib/mono/unityjit'
Mono config path = '/home/han/Unity/Hub/Editor/2020.3.19f1/Editor/Data/MonoBleedingEdge/etc'
Using monoOptions --debugger-agent=transport=dt_socket,embedding=1,server=y,suspend=n,address=127.0.0.1:56364
Begin MonoManager ReloadAssembly
Registering precompiled unity dll's ...
Register platform support module: /home/han/Unity/Hub/Editor/2020.3.19f1/Editor/Data/PlaybackEngines/LinuxStandaloneSupport/UnityEditor.LinuxStandalone.Extensions.dll
Registered in 0.001281 seconds.
Native extension for LinuxStandalone target not found
Refreshing native plugins compatible for Editor in 22.97 ms, found 0 plugins.
Preloading 0 native plugins for Editor in 0.00 ms.
Mono: successfully reloaded assembly
- Completed reload, in  1.022 seconds
Domain Reload Profiling:
	ReloadAssembly (1022ms)
		BeginReloadAssembly (28ms)
			ExecutionOrderSort (0ms)
			DisableScriptedObjects (0ms)
			BackupInstance (0ms)
			ReleaseScriptingObjects (0ms)
			CreateAndSetChildDomain (1ms)
		EndReloadAssembly (364ms)
			LoadAssemblies (26ms)
			RebuildTransferFunctionScriptingTraits (0ms)
			SetupTypeCache (139ms)
			ReleaseScriptCaches (0ms)
			RebuildScriptCaches (31ms)
			SetupLoadedEditorAssemblies (145ms)
				LogAssemblyErrors (0ms)
				InitializePlatformSupportModulesInManaged (4ms)
				SetLoadedEditorAssemblies (0ms)
				RefreshPlugins (23ms)
				BeforeProcessingInitializeOnLoad (8ms)
				ProcessInitializeOnLoadAttributes (84ms)
				ProcessInitializeOnLoadMethodAttributes (26ms)
				AfterProcessingInitializeOnLoad (0ms)
				EditorAssembliesLoaded (0ms)
			ExecutionOrderSort2 (0ms)
			AwakeInstancesAfterBackupRestoration (0ms)
Platform modules already initialized, skipping
Registering precompiled user dll's ...
Registered in 0.001751 seconds.
Begin MonoManager ReloadAssembly
Native extension for LinuxStandalone target not found
Refreshing native plugins compatible for Editor in 0.26 ms, found 0 plugins.
Preloading 0 native plugins for Editor in 0.00 ms.
Mono: successfully reloaded assembly
- Completed reload, in  0.866 seconds
Domain Reload Profiling:
	ReloadAssembly (866ms)
		BeginReloadAssembly (111ms)
			ExecutionOrderSort (0ms)
			DisableScriptedObjects (4ms)
			BackupInstance (0ms)
			ReleaseScriptingObjects (0ms)
			CreateAndSetChildDomain (16ms)
		EndReloadAssembly (703ms)
			LoadAssemblies (55ms)
			RebuildTransferFunctionScriptingTraits (0ms)
			SetupTypeCache (240ms)
			ReleaseScriptCaches (0ms)
			RebuildScriptCaches (42ms)
			SetupLoadedEditorAssemblies (263ms)
				LogAssemblyErrors (0ms)
				InitializePlatformSupportModulesInManaged (5ms)
				SetLoadedEditorAssemblies (0ms)
				RefreshPlugins (0ms)
				BeforeProcessingInitializeOnLoad (57ms)
				ProcessInitializeOnLoadAttributes (193ms)
				ProcessInitializeOnLoadMethodAttributes (3ms)
				AfterProcessingInitializeOnLoad (4ms)
				EditorAssembliesLoaded (0ms)
			ExecutionOrderSort2 (0ms)
			AwakeInstancesAfterBackupRestoration (6ms)
Platform modules already initialized, skipping
========================================================================
Worker process is ready to serve import requests
Launched and connected shader compiler UnityShaderCompiler after 0.01 seconds
Refreshing native plugins compatible for Editor in 0.26 ms, found 0 plugins.
Preloading 0 native plugins for Editor in 0.00 ms.
Unloading 1397 Unused Serialized files (Serialized files now loaded: 0)
System memory in use before: 59.3 MB.
System memory in use after: 59.3 MB.

Unloading 16 unused Assets to reduce memory usage. Loaded Objects now: 1832.
Total: 4.475535 ms (FindLiveObjects: 0.164076 ms CreateObjectMapping: 0.053777 ms MarkObjects: 4.125766 ms  DeleteObjects: 0.130884 ms)

AssetImportParameters requested are different than current active one (requested -> active):
  custom:video-decoder-ogg-theora: a1e56fd34408186e4bbccfd4996cb3dc -> 
  custom:container-muxer-webm: aa71ff27fc2769a1b78a27578f13a17b -> 
  custom:container-demuxer-webm: 4f35f7cbe854078d1ac9338744f61a02 -> 
  custom:container-demuxer-ogg: 62fdf1f143b41e24485cea50d1cbac27 -> 
  custom:video-encoder-webm-vp8: eb34c28f22e8b96e1ab97ce403110664 -> 
  custom:video-decoder-webm-vp8: 9c59270c3fd7afecdb556c50c9e8de78 -> 
  custom:audio-decoder-ogg-vorbis: bf7c407c2cedff20999df2af8eb42d56 -> 
  custom:audio-encoder-webm-vorbis: bf7c407c2cedff20999df2af8eb42d56 -> 
========================================================================
Received Import Request.
  path: Assets
  artifactKey: Guid(00000000000000001000000000000000) Importer(815301076,1909f56bfc062723c751e8b465ee728b)
Start importing Assets using Guid(00000000000000001000000000000000) Importer(815301076,1909f56bfc062723c751e8b465ee728b)  -> (artifact id: '42d402b061de3733987d63b9cc3b64de') in 0.002718 seconds 
  Import took 0.004681 seconds .

========================================================================
Received Import Request.
  Time since last request: 0.785474 seconds.
  path: Assets/Prefabs
  artifactKey: Guid(277c53eb8e6af12d283251e10ed28246) Importer(815301076,1909f56bfc062723c751e8b465ee728b)
Start importing Assets/Prefabs using Guid(277c53eb8e6af12d283251e10ed28246) Importer(815301076,1909f56bfc062723c751e8b465ee728b)  -> (artifact id: 'e66fdee2fb86f31c55376837f89aeb3f') in 0.000871 seconds 
  Import took 0.003128 seconds .

========================================================================
Received Import Request.
  Time since last request: 7.418878 seconds.
  path: Assets/Scripts
  artifactKey: Guid(a0c0f1606db03facb9a77b574e944b60) Importer(815301076,1909f56bfc062723c751e8b465ee728b)
Start importing Assets/Scripts using Guid(a0c0f1606db03facb9a77b574e944b60) Importer(815301076,1909f56bfc062723c751e8b465ee728b)  -> (artifact id: '7d3ee5015b9157bce4081c818fb63738') in 0.000789 seconds 
  Import took 0.002821 seconds .

========================================================================
Received Import Request.
  Time since last request: 42.947814 seconds.
  path: Assets/Scenes
  artifactKey: Guid(69ba3d1dc8439e45098fba67545dbe97) Importer(815301076,1909f56bfc062723c751e8b465ee728b)
Start importing Assets/Scenes using Guid(69ba3d1dc8439e45098fba67545dbe97) Importer(815301076,1909f56bfc062723c751e8b465ee728b)  -> (artifact id: '101bc4d94d0b768e9889fc20e2533e78') in 0.000723 seconds 
  Import took 0.002865 seconds .

========================================================================
Received Import Request.
  Time since last request: 0.424598 seconds.
  path: Assets/Scenes/SampleScene.unity
  artifactKey: Guid(9fc0d4010bbf28b4594072e72b8655ab) Importer(815301076,1909f56bfc062723c751e8b465ee728b)
Start importing Assets/Scenes/SampleScene.unity using Guid(9fc0d4010bbf28b4594072e72b8655ab) Importer(815301076,1909f56bfc062723c751e8b465ee728b)  -> (artifact id: '8d0122f7ed4e881c9739c08541f5c335') in 0.010986 seconds 
  Import took 0.013678 seconds .

========================================================================
Received Import Request.
  Time since last request: 617.339759 seconds.
  path: Assets/Prefabs/cvsMainMenu.prefab
  artifactKey: Guid(8e4d6a15ed85e8fbc83c2eaffce17844) Importer(815301076,1909f56bfc062723c751e8b465ee728b)
Start importing Assets/Prefabs/cvsMainMenu.prefab using Guid(8e4d6a15ed85e8fbc83c2eaffce17844) Importer(815301076,1909f56bfc062723c751e8b465ee728b)  -> (artifact id: '49552b15d8dcf1b38e343bdc432cfb10') in 0.036483 seconds 
  Import took 0.038811 seconds .

========================================================================
Received Import Request.
  Time since last request: 12.453495 seconds.
  path: Assets/Prefabs/cvsMainMenu.prefab
  artifactKey: Guid(8e4d6a15ed85e8fbc83c2eaffce17844) Importer(815301076,1909f56bfc062723c751e8b465ee728b)
Start importing Assets/Prefabs/cvsMainMenu.prefab using Guid(8e4d6a15ed85e8fbc83c2eaffce17844) Importer(815301076,1909f56bfc062723c751e8b465ee728b)  -> (artifact id: '3c433e95459717b2582804d0469b69c0') in 0.019684 seconds 
  Import took 0.021992 seconds .

========================================================================
Received Import Request.
  Time since last request: 32.568074 seconds.
  path: Assets/Scripts/MenuManager.cs
  artifactKey: Guid(2e40d88b50079c0d7ad41f4c965d11d5) Importer(815301076,1909f56bfc062723c751e8b465ee728b)
Start importing Assets/Scripts/MenuManager.cs using Guid(2e40d88b50079c0d7ad41f4c965d11d5) Importer(815301076,1909f56bfc062723c751e8b465ee728b)  -> (artifact id: '6fd6556ffa208ed44bc3df3b057b07ec') in 0.001974 seconds 
  Import took 0.007553 seconds .

========================================================================
Received Prepare
Registering precompiled user dll's ...
Registered in 0.001756 seconds.
Begin MonoManager ReloadAssembly
Native extension for LinuxStandalone target not found
Refreshing native plugins compatible for Editor in 0.25 ms, found 0 plugins.
Preloading 0 native plugins for Editor in 0.00 ms.
Mono: successfully reloaded assembly
- Completed reload, in  0.855 seconds
Domain Reload Profiling:
	ReloadAssembly (855ms)
		BeginReloadAssembly (83ms)
			ExecutionOrderSort (0ms)
			DisableScriptedObjects (4ms)
			BackupInstance (0ms)
			ReleaseScriptingObjects (0ms)
			CreateAndSetChildDomain (35ms)
		EndReloadAssembly (718ms)
			LoadAssemblies (59ms)
			RebuildTransferFunctionScriptingTraits (0ms)
			SetupTypeCache (255ms)
			ReleaseScriptCaches (1ms)
			RebuildScriptCaches (38ms)
			SetupLoadedEditorAssemblies (258ms)
				LogAssemblyErrors (0ms)
				InitializePlatformSupportModulesInManaged (5ms)
				SetLoadedEditorAssemblies (0ms)
				RefreshPlugins (0ms)
				BeforeProcessingInitializeOnLoad (54ms)
				ProcessInitializeOnLoadAttributes (190ms)
				ProcessInitializeOnLoadMethodAttributes (3ms)
				AfterProcessingInitializeOnLoad (4ms)
				EditorAssembliesLoaded (0ms)
			ExecutionOrderSort2 (0ms)
			AwakeInstancesAfterBackupRestoration (6ms)
Platform modules already initialized, skipping
Refreshing native plugins compatible for Editor in 0.27 ms, found 0 plugins.
Preloading 0 native plugins for Editor in 0.00 ms.
Unloading 1392 Unused Serialized files (Serialized files now loaded: 0)
System memory in use before: 59.2 MB.
System memory in use after: 59.3 MB.

Unloading 13 unused Assets to reduce memory usage. Loaded Objects now: 1837.
Total: 4.527303 ms (FindLiveObjects: 0.125996 ms CreateObjectMapping: 0.030903 ms MarkObjects: 4.321506 ms  DeleteObjects: 0.047438 ms)

AssetImportParameters requested are different than current active one (requested -> active):
  custom:video-decoder-ogg-theora: a1e56fd34408186e4bbccfd4996cb3dc -> 
  custom:container-muxer-webm: aa71ff27fc2769a1b78a27578f13a17b -> 
  custom:container-demuxer-webm: 4f35f7cbe854078d1ac9338744f61a02 -> 
  custom:container-demuxer-ogg: 62fdf1f143b41e24485cea50d1cbac27 -> 
  custom:video-encoder-webm-vp8: eb34c28f22e8b96e1ab97ce403110664 -> 
  custom:video-decoder-webm-vp8: 9c59270c3fd7afecdb556c50c9e8de78 -> 
  custom:audio-decoder-ogg-vorbis: bf7c407c2cedff20999df2af8eb42d56 -> 
  custom:audio-encoder-webm-vorbis: bf7c407c2cedff20999df2af8eb42d56 -> 
========================================================================
Received Prepare
Registering precompiled user dll's ...
Registered in 0.001875 seconds.
Begin MonoManager ReloadAssembly
Native extension for LinuxStandalone target not found
Refreshing native plugins compatible for Editor in 0.31 ms, found 0 plugins.
Preloading 0 native plugins for Editor in 0.00 ms.
Mono: successfully reloaded assembly
- Completed reload, in  0.840 seconds
Domain Reload Profiling:
	ReloadAssembly (840ms)
		BeginReloadAssembly (79ms)
			ExecutionOrderSort (0ms)
			DisableScriptedObjects (4ms)
			BackupInstance (0ms)
			ReleaseScriptingObjects (0ms)
			CreateAndSetChildDomain (30ms)
		EndReloadAssembly (705ms)
			LoadAssemblies (58ms)
			RebuildTransferFunctionScriptingTraits (0ms)
			SetupTypeCache (246ms)
			ReleaseScriptCaches (1ms)
			RebuildScriptCaches (38ms)
			SetupLoadedEditorAssemblies (254ms)
				LogAssemblyErrors (0ms)
				InitializePlatformSupportModulesInManaged (5ms)
				SetLoadedEditorAssemblies (0ms)
				RefreshPlugins (0ms)
				BeforeProcessingInitializeOnLoad (56ms)
				ProcessInitializeOnLoadAttributes (185ms)
				ProcessInitializeOnLoadMethodAttributes (3ms)
				AfterProcessingInitializeOnLoad (4ms)
				EditorAssembliesLoaded (0ms)
			ExecutionOrderSort2 (0ms)
			AwakeInstancesAfterBackupRestoration (6ms)
Platform modules already initialized, skipping
Refreshing native plugins compatible for Editor in 0.29 ms, found 0 plugins.
Preloading 0 native plugins for Editor in 0.00 ms.
Unloading 1392 Unused Serialized files (Serialized files now loaded: 0)
System memory in use before: 59.3 MB.
System memory in use after: 59.3 MB.

Unloading 11 unused Assets to reduce memory usage. Loaded Objects now: 1839.
Total: 4.529028 ms (FindLiveObjects: 0.172279 ms CreateObjectMapping: 0.039693 ms MarkObjects: 4.280775 ms  DeleteObjects: 0.034753 ms)

AssetImportParameters requested are different than current active one (requested -> active):
  custom:video-decoder-ogg-theora: a1e56fd34408186e4bbccfd4996cb3dc -> 
  custom:container-muxer-webm: aa71ff27fc2769a1b78a27578f13a17b -> 
  custom:container-demuxer-webm: 4f35f7cbe854078d1ac9338744f61a02 -> 
  custom:container-demuxer-ogg: 62fdf1f143b41e24485cea50d1cbac27 -> 
  custom:video-encoder-webm-vp8: eb34c28f22e8b96e1ab97ce403110664 -> 
  custom:video-decoder-webm-vp8: 9c59270c3fd7afecdb556c50c9e8de78 -> 
  custom:audio-decoder-ogg-vorbis: bf7c407c2cedff20999df2af8eb42d56 -> 
  custom:audio-encoder-webm-vorbis: bf7c407c2cedff20999df2af8eb42d56 -> 
========================================================================
Received Import Request.
  Time since last request: 306.751709 seconds.
  path: Assets/Scripts/MenuManager.cs
  artifactKey: Guid(2e40d88b50079c0d7ad41f4c965d11d5) Importer(815301076,1909f56bfc062723c751e8b465ee728b)
Start importing Assets/Scripts/MenuManager.cs using Guid(2e40d88b50079c0d7ad41f4c965d11d5) Importer(815301076,1909f56bfc062723c751e8b465ee728b)  -> (artifact id: '328a7adadc72e984ef5e1a68141c464a') in 0.002879 seconds 
  Import took 0.005148 seconds .

========================================================================
Received Prepare
Registering precompiled user dll's ...
Registered in 0.001950 seconds.
Begin MonoManager ReloadAssembly
Native extension for LinuxStandalone target not found
Refreshing native plugins compatible for Editor in 0.26 ms, found 0 plugins.
Preloading 0 native plugins for Editor in 0.00 ms.
Mono: successfully reloaded assembly
- Completed reload, in  0.839 seconds
Domain Reload Profiling:
	ReloadAssembly (839ms)
		BeginReloadAssembly (77ms)
			ExecutionOrderSort (0ms)
			DisableScriptedObjects (5ms)
			BackupInstance (0ms)
			ReleaseScriptingObjects (0ms)
			CreateAndSetChildDomain (29ms)
		EndReloadAssembly (707ms)
			LoadAssemblies (56ms)
			RebuildTransferFunctionScriptingTraits (0ms)
			SetupTypeCache (245ms)
			ReleaseScriptCaches (1ms)
			RebuildScriptCaches (38ms)
			SetupLoadedEditorAssemblies (260ms)
				LogAssemblyErrors (0ms)
				InitializePlatformSupportModulesInManaged (6ms)
				SetLoadedEditorAssemblies (0ms)
				RefreshPlugins (0ms)
				BeforeProcessingInitializeOnLoad (62ms)
				ProcessInitializeOnLoadAttributes (184ms)
				ProcessInitializeOnLoadMethodAttributes (3ms)
				AfterProcessingInitializeOnLoad (4ms)
				EditorAssembliesLoaded (0ms)
			ExecutionOrderSort2 (0ms)
			AwakeInstancesAfterBackupRestoration (7ms)
Platform modules already initialized, skipping
Refreshing native plugins compatible for Editor in 0.26 ms, found 0 plugins.
Preloading 0 native plugins for Editor in 0.00 ms.
Unloading 1393 Unused Serialized files (Serialized files now loaded: 0)
System memory in use before: 59.3 MB.
System memory in use after: 59.4 MB.

Unloading 11 unused Assets to reduce memory usage. Loaded Objects now: 1842.
Total: 4.330396 ms (FindLiveObjects: 0.155537 ms CreateObjectMapping: 0.039216 ms MarkObjects: 4.102479 ms  DeleteObjects: 0.031786 ms)

AssetImportParameters requested are different than current active one (requested -> active):
  custom:video-decoder-ogg-theora: a1e56fd34408186e4bbccfd4996cb3dc -> 
  custom:container-muxer-webm: aa71ff27fc2769a1b78a27578f13a17b -> 
  custom:container-demuxer-webm: 4f35f7cbe854078d1ac9338744f61a02 -> 
  custom:container-demuxer-ogg: 62fdf1f143b41e24485cea50d1cbac27 -> 
  custom:video-encoder-webm-vp8: eb34c28f22e8b96e1ab97ce403110664 -> 
  custom:video-decoder-webm-vp8: 9c59270c3fd7afecdb556c50c9e8de78 -> 
  custom:audio-decoder-ogg-vorbis: bf7c407c2cedff20999df2af8eb42d56 -> 
  custom:audio-encoder-webm-vorbis: bf7c407c2cedff20999df2af8eb42d56 -> 
========================================================================
Received Import Request.
  Time since last request: 16.148436 seconds.
  path: Assets/Prefabs/cvsMainMenu.prefab
  artifactKey: Guid(8e4d6a15ed85e8fbc83c2eaffce17844) Importer(815301076,1909f56bfc062723c751e8b465ee728b)
Start importing Assets/Prefabs/cvsMainMenu.prefab using Guid(8e4d6a15ed85e8fbc83c2eaffce17844) Importer(815301076,1909f56bfc062723c751e8b465ee728b)  -> (artifact id: '99770b46c915e4b1815219e301ba6f5b') in 0.035981 seconds 
  Import took 0.037942 seconds .

========================================================================
Received Prepare
Registering precompiled user dll's ...
Registered in 0.001713 seconds.
Begin MonoManager ReloadAssembly
Native extension for LinuxStandalone target not found
Refreshing native plugins compatible for Editor in 0.30 ms, found 0 plugins.
Preloading 0 native plugins for Editor in 0.00 ms.
Mono: successfully reloaded assembly
- Completed reload, in  0.849 seconds
Domain Reload Profiling:
	ReloadAssembly (850ms)
		BeginReloadAssembly (77ms)
			ExecutionOrderSort (0ms)
			DisableScriptedObjects (4ms)
			BackupInstance (0ms)
			ReleaseScriptingObjects (0ms)
			CreateAndSetChildDomain (30ms)
		EndReloadAssembly (719ms)
			LoadAssemblies (57ms)
			RebuildTransferFunctionScriptingTraits (0ms)
			SetupTypeCache (247ms)
			ReleaseScriptCaches (1ms)
			RebuildScriptCaches (39ms)
			SetupLoadedEditorAssemblies (260ms)
				LogAssemblyErrors (0ms)
				InitializePlatformSupportModulesInManaged (6ms)
				SetLoadedEditorAssemblies (0ms)
				RefreshPlugins (0ms)
				BeforeProcessingInitializeOnLoad (57ms)
				ProcessInitializeOnLoadAttributes (186ms)
				ProcessInitializeOnLoadMethodAttributes (3ms)
				AfterProcessingInitializeOnLoad (7ms)
				EditorAssembliesLoaded (0ms)
			ExecutionOrderSort2 (0ms)
			AwakeInstancesAfterBackupRestoration (7ms)
Platform modules already initialized, skipping
Refreshing native plugins compatible for Editor in 0.45 ms, found 0 plugins.
Preloading 0 native plugins for Editor in 0.00 ms.
Unloading 1393 Unused Serialized files (Serialized files now loaded: 0)
System memory in use before: 59.3 MB.
System memory in use after: 59.4 MB.

Unloading 13 unused Assets to reduce memory usage. Loaded Objects now: 1844.
Total: 5.101374 ms (FindLiveObjects: 0.200333 ms CreateObjectMapping: 0.039236 ms MarkObjects: 4.800438 ms  DeleteObjects: 0.059375 ms)

AssetImportParameters requested are different than current active one (requested -> active):
  custom:video-decoder-ogg-theora: a1e56fd34408186e4bbccfd4996cb3dc -> 
  custom:container-muxer-webm: aa71ff27fc2769a1b78a27578f13a17b -> 
  custom:container-demuxer-webm: 4f35f7cbe854078d1ac9338744f61a02 -> 
  custom:container-demuxer-ogg: 62fdf1f143b41e24485cea50d1cbac27 -> 
  custom:video-encoder-webm-vp8: eb34c28f22e8b96e1ab97ce403110664 -> 
  custom:video-decoder-webm-vp8: 9c59270c3fd7afecdb556c50c9e8de78 -> 
  custom:audio-decoder-ogg-vorbis: bf7c407c2cedff20999df2af8eb42d56 -> 
  custom:audio-encoder-webm-vorbis: bf7c407c2cedff20999df2af8eb42d56 -> 
========================================================================
Received Import Request.
  Time since last request: 11.303936 seconds.
  path: Assets/Scripts/MainMenu.cs
  artifactKey: Guid(af8a2de24103698789264c2ff12207c9) Importer(815301076,1909f56bfc062723c751e8b465ee728b)
Start importing Assets/Scripts/MainMenu.cs using Guid(af8a2de24103698789264c2ff12207c9) Importer(815301076,1909f56bfc062723c751e8b465ee728b)  -> (artifact id: '18822ae16484da2d14da85afd8729174') in 0.003417 seconds 
  Import took 0.005521 seconds .

========================================================================
Received Prepare
Registering precompiled user dll's ...
Registered in 0.001711 seconds.
Begin MonoManager ReloadAssembly
Native extension for LinuxStandalone target not found
Refreshing native plugins compatible for Editor in 0.31 ms, found 0 plugins.
Preloading 0 native plugins for Editor in 0.00 ms.
Mono: successfully reloaded assembly
- Completed reload, in  0.821 seconds
Domain Reload Profiling:
	ReloadAssembly (821ms)
		BeginReloadAssembly (75ms)
			ExecutionOrderSort (0ms)
			DisableScriptedObjects (4ms)
			BackupInstance (0ms)
			ReleaseScriptingObjects (0ms)
			CreateAndSetChildDomain (29ms)
		EndReloadAssembly (694ms)
			LoadAssemblies (56ms)
			RebuildTransferFunctionScriptingTraits (0ms)
			SetupTypeCache (246ms)
			ReleaseScriptCaches (1ms)
			RebuildScriptCaches (37ms)
			SetupLoadedEditorAssemblies (248ms)
				LogAssemblyErrors (0ms)
				InitializePlatformSupportModulesInManaged (5ms)
				SetLoadedEditorAssemblies (0ms)
				RefreshPlugins (0ms)
				BeforeProcessingInitializeOnLoad (57ms)
				ProcessInitializeOnLoadAttributes (178ms)
				ProcessInitializeOnLoadMethodAttributes (3ms)
				AfterProcessingInitializeOnLoad (4ms)
				EditorAssembliesLoaded (0ms)
			ExecutionOrderSort2 (0ms)
			AwakeInstancesAfterBackupRestoration (6ms)
Platform modules already initialized, skipping
Refreshing native plugins compatible for Editor in 0.26 ms, found 0 plugins.
Preloading 0 native plugins for Editor in 0.00 ms.
Unloading 1393 Unused Serialized files (Serialized files now loaded: 0)
System memory in use before: 59.3 MB.
System memory in use after: 59.4 MB.

Unloading 11 unused Assets to reduce memory usage. Loaded Objects now: 1846.
Total: 4.293405 ms (FindLiveObjects: 0.191748 ms CreateObjectMapping: 0.049855 ms MarkObjects: 4.018522 ms  DeleteObjects: 0.032004 ms)

AssetImportParameters requested are different than current active one (requested -> active):
  custom:video-decoder-ogg-theora: a1e56fd34408186e4bbccfd4996cb3dc -> 
  custom:container-muxer-webm: aa71ff27fc2769a1b78a27578f13a17b -> 
  custom:container-demuxer-webm: 4f35f7cbe854078d1ac9338744f61a02 -> 
  custom:container-demuxer-ogg: 62fdf1f143b41e24485cea50d1cbac27 -> 
  custom:video-encoder-webm-vp8: eb34c28f22e8b96e1ab97ce403110664 -> 
  custom:video-decoder-webm-vp8: 9c59270c3fd7afecdb556c50c9e8de78 -> 
  custom:audio-decoder-ogg-vorbis: bf7c407c2cedff20999df2af8eb42d56 -> 
  custom:audio-encoder-webm-vorbis: bf7c407c2cedff20999df2af8eb42d56 -> 
========================================================================
Received Import Request.
  Time since last request: 214.092314 seconds.
  path: Assets/Scripts/MenuManager.cs
  artifactKey: Guid(2e40d88b50079c0d7ad41f4c965d11d5) Importer(815301076,1909f56bfc062723c751e8b465ee728b)
Start importing Assets/Scripts/MenuManager.cs using Guid(2e40d88b50079c0d7ad41f4c965d11d5) Importer(815301076,1909f56bfc062723c751e8b465ee728b)  -> (artifact id: '74029964c7d17850e44a553a8b43765a') in 0.002737 seconds 
  Import took 0.004925 seconds .

========================================================================
Received Prepare
Registering precompiled user dll's ...
Registered in 0.002107 seconds.
Begin MonoManager ReloadAssembly
Native extension for LinuxStandalone target not found
Refreshing native plugins compatible for Editor in 0.30 ms, found 0 plugins.
Preloading 0 native plugins for Editor in 0.00 ms.
Mono: successfully reloaded assembly
- Completed reload, in  0.843 seconds
Domain Reload Profiling:
	ReloadAssembly (843ms)
		BeginReloadAssembly (80ms)
			ExecutionOrderSort (0ms)
			DisableScriptedObjects (5ms)
			BackupInstance (0ms)
			ReleaseScriptingObjects (0ms)
			CreateAndSetChildDomain (31ms)
		EndReloadAssembly (709ms)
			LoadAssemblies (59ms)
			RebuildTransferFunctionScriptingTraits (0ms)
			SetupTypeCache (249ms)
			ReleaseScriptCaches (1ms)
			RebuildScriptCaches (38ms)
			SetupLoadedEditorAssemblies (254ms)
				LogAssemblyErrors (0ms)
				InitializePlatformSupportModulesInManaged (5ms)
				SetLoadedEditorAssemblies (0ms)
				RefreshPlugins (0ms)
				BeforeProcessingInitializeOnLoad (55ms)
				ProcessInitializeOnLoadAttributes (186ms)
				ProcessInitializeOnLoadMethodAttributes (3ms)
				AfterProcessingInitializeOnLoad (4ms)
				EditorAssembliesLoaded (0ms)
			ExecutionOrderSort2 (0ms)
			AwakeInstancesAfterBackupRestoration (7ms)
Platform modules already initialized, skipping
Refreshing native plugins compatible for Editor in 0.27 ms, found 0 plugins.
Preloading 0 native plugins for Editor in 0.00 ms.
Unloading 1393 Unused Serialized files (Serialized files now loaded: 0)
System memory in use before: 59.3 MB.
System memory in use after: 59.4 MB.

Unloading 11 unused Assets to reduce memory usage. Loaded Objects now: 1848.
Total: 4.400065 ms (FindLiveObjects: 0.164070 ms CreateObjectMapping: 0.048048 ms MarkObjects: 4.150832 ms  DeleteObjects: 0.035673 ms)

AssetImportParameters requested are different than current active one (requested -> active):
  custom:video-decoder-ogg-theora: a1e56fd34408186e4bbccfd4996cb3dc -> 
  custom:container-muxer-webm: aa71ff27fc2769a1b78a27578f13a17b -> 
  custom:container-demuxer-webm: 4f35f7cbe854078d1ac9338744f61a02 -> 
  custom:container-demuxer-ogg: 62fdf1f143b41e24485cea50d1cbac27 -> 
  custom:video-encoder-webm-vp8: eb34c28f22e8b96e1ab97ce403110664 -> 
  custom:video-decoder-webm-vp8: 9c59270c3fd7afecdb556c50c9e8de78 -> 
  custom:audio-decoder-ogg-vorbis: bf7c407c2cedff20999df2af8eb42d56 -> 
  custom:audio-encoder-webm-vorbis: bf7c407c2cedff20999df2af8eb42d56 -> 
========================================================================
Received Import Request.
  Time since last request: 75.301470 seconds.
  path: Assets/Scripts/MenuManager.cs
  artifactKey: Guid(2e40d88b50079c0d7ad41f4c965d11d5) Importer(815301076,1909f56bfc062723c751e8b465ee728b)
Start importing Assets/Scripts/MenuManager.cs using Guid(2e40d88b50079c0d7ad41f4c965d11d5) Importer(815301076,1909f56bfc062723c751e8b465ee728b)  -> (artifact id: '7fbe212bfd9350e1e33119a07dc2af85') in 0.003198 seconds 
  Import took 0.005887 seconds .

========================================================================
Received Import Request.
  Time since last request: 5.396917 seconds.
  path: Assets/Scripts/Menu.cs
  artifactKey: Guid(f960c057a88d25cf7abf06e6bc2a7c18) Importer(815301076,1909f56bfc062723c751e8b465ee728b)
Start importing Assets/Scripts/Menu.cs using Guid(f960c057a88d25cf7abf06e6bc2a7c18) Importer(815301076,1909f56bfc062723c751e8b465ee728b)  -> (artifact id: 'e7848b323d99d52b7ef4d4eeb7ec750f') in 0.001297 seconds 
  Import took 0.003724 seconds .

========================================================================
Received Prepare
Registering precompiled user dll's ...
Registered in 0.001804 seconds.
Begin MonoManager ReloadAssembly
Native extension for LinuxStandalone target not found
Refreshing native plugins compatible for Editor in 0.27 ms, found 0 plugins.
Preloading 0 native plugins for Editor in 0.00 ms.
Mono: successfully reloaded assembly
- Completed reload, in  0.849 seconds
Domain Reload Profiling:
	ReloadAssembly (849ms)
		BeginReloadAssembly (85ms)
			ExecutionOrderSort (0ms)
			DisableScriptedObjects (4ms)
			BackupInstance (0ms)
			ReleaseScriptingObjects (0ms)
			CreateAndSetChildDomain (37ms)
		EndReloadAssembly (710ms)
			LoadAssemblies (57ms)
			RebuildTransferFunctionScriptingTraits (0ms)
			SetupTypeCache (243ms)
			ReleaseScriptCaches (1ms)
			RebuildScriptCaches (44ms)
			SetupLoadedEditorAssemblies (262ms)
				LogAssemblyErrors (0ms)
				InitializePlatformSupportModulesInManaged (5ms)
				SetLoadedEditorAssemblies (0ms)
				RefreshPlugins (0ms)
				BeforeProcessingInitializeOnLoad (62ms)
				ProcessInitializeOnLoadAttributes (187ms)
				ProcessInitializeOnLoadMethodAttributes (3ms)
				AfterProcessingInitializeOnLoad (4ms)
				EditorAssembliesLoaded (0ms)
			ExecutionOrderSort2 (0ms)
			AwakeInstancesAfterBackupRestoration (7ms)
Platform modules already initialized, skipping
Refreshing native plugins compatible for Editor in 0.43 ms, found 0 plugins.
Preloading 0 native plugins for Editor in 0.00 ms.
Unloading 1394 Unused Serialized files (Serialized files now loaded: 0)
System memory in use before: 59.3 MB.
System memory in use after: 59.4 MB.

Unloading 11 unused Assets to reduce memory usage. Loaded Objects now: 1851.
Total: 5.078944 ms (FindLiveObjects: 0.234367 ms CreateObjectMapping: 0.059446 ms MarkObjects: 4.740263 ms  DeleteObjects: 0.043055 ms)

AssetImportParameters requested are different than current active one (requested -> active):
  custom:video-decoder-ogg-theora: a1e56fd34408186e4bbccfd4996cb3dc -> 
  custom:container-muxer-webm: aa71ff27fc2769a1b78a27578f13a17b -> 
  custom:container-demuxer-webm: 4f35f7cbe854078d1ac9338744f61a02 -> 
  custom:container-demuxer-ogg: 62fdf1f143b41e24485cea50d1cbac27 -> 
  custom:video-encoder-webm-vp8: eb34c28f22e8b96e1ab97ce403110664 -> 
  custom:video-decoder-webm-vp8: 9c59270c3fd7afecdb556c50c9e8de78 -> 
  custom:audio-decoder-ogg-vorbis: bf7c407c2cedff20999df2af8eb42d56 -> 
  custom:audio-encoder-webm-vorbis: bf7c407c2cedff20999df2af8eb42d56 -> 
========================================================================
Received Prepare
Registering precompiled user dll's ...
Registered in 0.001899 seconds.
Begin MonoManager ReloadAssembly
Native extension for LinuxStandalone target not found
Refreshing native plugins compatible for Editor in 0.27 ms, found 0 plugins.
Preloading 0 native plugins for Editor in 0.00 ms.
Mono: successfully reloaded assembly
- Completed reload, in  0.850 seconds
Domain Reload Profiling:
	ReloadAssembly (851ms)
		BeginReloadAssembly (79ms)
			ExecutionOrderSort (0ms)
			DisableScriptedObjects (4ms)
			BackupInstance (0ms)
			ReleaseScriptingObjects (0ms)
			CreateAndSetChildDomain (32ms)
		EndReloadAssembly (716ms)
			LoadAssemblies (58ms)
			RebuildTransferFunctionScriptingTraits (0ms)
			SetupTypeCache (250ms)
			ReleaseScriptCaches (1ms)
			RebuildScriptCaches (42ms)
			SetupLoadedEditorAssemblies (257ms)
				LogAssemblyErrors (0ms)
				InitializePlatformSupportModulesInManaged (5ms)
				SetLoadedEditorAssemblies (0ms)
				RefreshPlugins (0ms)
				BeforeProcessingInitializeOnLoad (56ms)
				ProcessInitializeOnLoadAttributes (187ms)
				ProcessInitializeOnLoadMethodAttributes (3ms)
				AfterProcessingInitializeOnLoad (4ms)
				EditorAssembliesLoaded (0ms)
			ExecutionOrderSort2 (0ms)
			AwakeInstancesAfterBackupRestoration (7ms)
Platform modules already initialized, skipping
Refreshing native plugins compatible for Editor in 0.27 ms, found 0 plugins.
Preloading 0 native plugins for Editor in 0.00 ms.
Unloading 1394 Unused Serialized files (Serialized files now loaded: 0)
System memory in use before: 59.3 MB.
System memory in use after: 59.4 MB.

Unloading 11 unused Assets to reduce memory usage. Loaded Objects now: 1853.
Total: 4.660071 ms (FindLiveObjects: 0.161563 ms CreateObjectMapping: 0.042833 ms MarkObjects: 4.397001 ms  DeleteObjects: 0.056967 ms)

AssetImportParameters requested are different than current active one (requested -> active):
  custom:video-decoder-ogg-theora: a1e56fd34408186e4bbccfd4996cb3dc -> 
  custom:container-muxer-webm: aa71ff27fc2769a1b78a27578f13a17b -> 
  custom:container-demuxer-webm: 4f35f7cbe854078d1ac9338744f61a02 -> 
  custom:container-demuxer-ogg: 62fdf1f143b41e24485cea50d1cbac27 -> 
  custom:video-encoder-webm-vp8: eb34c28f22e8b96e1ab97ce403110664 -> 
  custom:video-decoder-webm-vp8: 9c59270c3fd7afecdb556c50c9e8de78 -> 
  custom:audio-decoder-ogg-vorbis: bf7c407c2cedff20999df2af8eb42d56 -> 
  custom:audio-encoder-webm-vorbis: bf7c407c2cedff20999df2af8eb42d56 -> 
========================================================================
Received Import Request.
  Time since last request: 527.365941 seconds.
  path: Assets/Scripts/Menu.cs
  artifactKey: Guid(f960c057a88d25cf7abf06e6bc2a7c18) Importer(815301076,1909f56bfc062723c751e8b465ee728b)
Start importing Assets/Scripts/Menu.cs using Guid(f960c057a88d25cf7abf06e6bc2a7c18) Importer(815301076,1909f56bfc062723c751e8b465ee728b)  -> (artifact id: '68477e14a74022074f57f08f46b0e8c8') in 0.002778 seconds 
  Import took 0.004914 seconds .

========================================================================
Received Import Request.
  Time since last request: 0.291469 seconds.
  path: Assets/Prefabs/cvsMainMenu.prefab
  artifactKey: Guid(8e4d6a15ed85e8fbc83c2eaffce17844) Importer(815301076,1909f56bfc062723c751e8b465ee728b)
Start importing Assets/Prefabs/cvsMainMenu.prefab using Guid(8e4d6a15ed85e8fbc83c2eaffce17844) Importer(815301076,1909f56bfc062723c751e8b465ee728b)  -> (artifact id: '5c6388207afc384c5047c84b1d89d948') in 0.041035 seconds 
  Import took 0.043462 seconds .

========================================================================
Received Import Request.
  Time since last request: 25.922072 seconds.
  path: Assets/Prefabs/cvsMainMenu (사본 1).prefab
  artifactKey: Guid(bf25022eeeec4c76bb8111b4afa5c39b) Importer(815301076,1909f56bfc062723c751e8b465ee728b)
Start importing Assets/Prefabs/cvsMainMenu (사본 1).prefab using Guid(bf25022eeeec4c76bb8111b4afa5c39b) Importer(815301076,1909f56bfc062723c751e8b465ee728b)  -> (artifact id: '3db5c085dafa68d9acbe2870c12e4143') in 0.007351 seconds 
  Import took 0.012816 seconds .

========================================================================
Received Import Request.
  Time since last request: 0.000151 seconds.
  path: Assets/Prefabs/cvsMainMenu (사본 2).prefab
  artifactKey: Guid(ca07b6951d6799819b7688bd87d18308) Importer(815301076,1909f56bfc062723c751e8b465ee728b)
Start importing Assets/Prefabs/cvsMainMenu (사본 2).prefab using Guid(ca07b6951d6799819b7688bd87d18308) Importer(815301076,1909f56bfc062723c751e8b465ee728b)  -> (artifact id: '86c6220682f11b396a82a92f95f43e0d') in 0.006092 seconds 
  Import took 0.009158 seconds .

========================================================================
Received Import Request.
  Time since last request: 7.109588 seconds.
  path: Assets/Prefabs/OptionMenu.prefab
  artifactKey: Guid(ca07b6951d6799819b7688bd87d18308) Importer(815301076,1909f56bfc062723c751e8b465ee728b)
Start importing Assets/Prefabs/OptionMenu.prefab using Guid(ca07b6951d6799819b7688bd87d18308) Importer(815301076,1909f56bfc062723c751e8b465ee728b)  -> (artifact id: 'd42103d1ef263d6b168af77623c875da') in 0.005719 seconds 
  Import took 0.009406 seconds .

========================================================================
Received Import Request.
  Time since last request: 15.720901 seconds.
  path: Assets/Prefabs/OptionMenu.prefab
  artifactKey: Guid(ca07b6951d6799819b7688bd87d18308) Importer(815301076,1909f56bfc062723c751e8b465ee728b)
Start importing Assets/Prefabs/OptionMenu.prefab using Guid(ca07b6951d6799819b7688bd87d18308) Importer(815301076,1909f56bfc062723c751e8b465ee728b)  -> (artifact id: 'be2bc1663e3e979ee2fec3d178323228') in 0.003807 seconds 
  Import took 0.007017 seconds .

========================================================================
Received Import Request.
  Time since last request: 14.063717 seconds.
  path: Assets/Prefabs/OptionMenu.prefab
  artifactKey: Guid(ca07b6951d6799819b7688bd87d18308) Importer(815301076,1909f56bfc062723c751e8b465ee728b)
Start importing Assets/Prefabs/OptionMenu.prefab using Guid(ca07b6951d6799819b7688bd87d18308) Importer(815301076,1909f56bfc062723c751e8b465ee728b)  -> (artifact id: '9f46e7ed3b6c00cead7e79697505f433') in 0.005493 seconds 
  Import took 0.007889 seconds .

========================================================================
Received Import Request.
  Time since last request: 2.114035 seconds.
  path: Assets/Prefabs/OptionMenu.prefab
  artifactKey: Guid(ca07b6951d6799819b7688bd87d18308) Importer(815301076,1909f56bfc062723c751e8b465ee728b)
Start importing Assets/Prefabs/OptionMenu.prefab using Guid(ca07b6951d6799819b7688bd87d18308) Importer(815301076,1909f56bfc062723c751e8b465ee728b)  -> (artifact id: '3369527916685df03417eb4ea2ad4625') in 0.003735 seconds 
  Import took 0.007112 seconds .

========================================================================
Received Import Request.
  Time since last request: 10.639502 seconds.
  path: Assets/Prefabs/OptionMenu.prefab
  artifactKey: Guid(ca07b6951d6799819b7688bd87d18308) Importer(815301076,1909f56bfc062723c751e8b465ee728b)
Start importing Assets/Prefabs/OptionMenu.prefab using Guid(ca07b6951d6799819b7688bd87d18308) Importer(815301076,1909f56bfc062723c751e8b465ee728b)  -> (artifact id: '9549d09ef1359e4fffb16fe7a0191ece') in 0.004768 seconds 
  Import took 0.007707 seconds .

========================================================================
Received Import Request.
  Time since last request: 2.242158 seconds.
  path: Assets/Prefabs/OptionMenu.prefab
  artifactKey: Guid(ca07b6951d6799819b7688bd87d18308) Importer(815301076,1909f56bfc062723c751e8b465ee728b)
Start importing Assets/Prefabs/OptionMenu.prefab using Guid(ca07b6951d6799819b7688bd87d18308) Importer(815301076,1909f56bfc062723c751e8b465ee728b)  -> (artifact id: 'a124615af440e050387b0731f3cbbe2f') in 0.004121 seconds 
  Import took 0.006820 seconds .

========================================================================
Received Import Request.
  Time since last request: 3.413241 seconds.
  path: Assets/Prefabs/OptionMenu.prefab
  artifactKey: Guid(ca07b6951d6799819b7688bd87d18308) Importer(815301076,1909f56bfc062723c751e8b465ee728b)
Start importing Assets/Prefabs/OptionMenu.prefab using Guid(ca07b6951d6799819b7688bd87d18308) Importer(815301076,1909f56bfc062723c751e8b465ee728b)  -> (artifact id: 'a82c3a22e801ae90a1ee409e304856eb') in 0.003756 seconds 
  Import took 0.006613 seconds .

========================================================================
Received Import Request.
  Time since last request: 0.883598 seconds.
  path: Assets/Prefabs/OptionMenu.prefab
  artifactKey: Guid(ca07b6951d6799819b7688bd87d18308) Importer(815301076,1909f56bfc062723c751e8b465ee728b)
Start importing Assets/Prefabs/OptionMenu.prefab using Guid(ca07b6951d6799819b7688bd87d18308) Importer(815301076,1909f56bfc062723c751e8b465ee728b)  -> (artifact id: '2a4deb83a17d17ab9b7450a635a0f5bd') in 0.004789 seconds 
  Import took 0.007304 seconds .

========================================================================
Received Import Request.
  Time since last request: 5.809313 seconds.
  path: Assets/Prefabs/OptionMenu.prefab
  artifactKey: Guid(ca07b6951d6799819b7688bd87d18308) Importer(815301076,1909f56bfc062723c751e8b465ee728b)
Start importing Assets/Prefabs/OptionMenu.prefab using Guid(ca07b6951d6799819b7688bd87d18308) Importer(815301076,1909f56bfc062723c751e8b465ee728b)  -> (artifact id: 'e29ab25cdf44021409a06870b235a484') in 0.004238 seconds 
  Import took 0.007594 seconds .

========================================================================
Received Import Request.
  Time since last request: 6.738433 seconds.
  path: Assets/Prefabs/OptionMenu.prefab
  artifactKey: Guid(ca07b6951d6799819b7688bd87d18308) Importer(815301076,1909f56bfc062723c751e8b465ee728b)
Start importing Assets/Prefabs/OptionMenu.prefab using Guid(ca07b6951d6799819b7688bd87d18308) Importer(815301076,1909f56bfc062723c751e8b465ee728b)  -> (artifact id: '43e6fcecc4f31ce7ebc06eeed8c01f87') in 0.004491 seconds 
  Import took 0.007607 seconds .

========================================================================
Received Import Request.
  Time since last request: 6.791797 seconds.
  path: Assets/Prefabs/OptionMenu.prefab
  artifactKey: Guid(ca07b6951d6799819b7688bd87d18308) Importer(815301076,1909f56bfc062723c751e8b465ee728b)
Start importing Assets/Prefabs/OptionMenu.prefab using Guid(ca07b6951d6799819b7688bd87d18308) Importer(815301076,1909f56bfc062723c751e8b465ee728b)  -> (artifact id: '8f7251589a2436fd0d6b25b30067cbf5') in 0.004476 seconds 
  Import took 0.007189 seconds .

========================================================================
Received Import Request.
  Time since last request: 4.044589 seconds.
  path: Assets/Prefabs/OptionMenu.prefab
  artifactKey: Guid(ca07b6951d6799819b7688bd87d18308) Importer(815301076,1909f56bfc062723c751e8b465ee728b)
Start importing Assets/Prefabs/OptionMenu.prefab using Guid(ca07b6951d6799819b7688bd87d18308) Importer(815301076,1909f56bfc062723c751e8b465ee728b)  -> (artifact id: 'f446d6b33034c4c6ccbe8cb1081cc77a') in 0.004119 seconds 
  Import took 0.007172 seconds .

========================================================================
Received Import Request.
  Time since last request: 6.710882 seconds.
  path: Assets/Prefabs/OptionMenu.prefab
  artifactKey: Guid(ca07b6951d6799819b7688bd87d18308) Importer(815301076,1909f56bfc062723c751e8b465ee728b)
Start importing Assets/Prefabs/OptionMenu.prefab using Guid(ca07b6951d6799819b7688bd87d18308) Importer(815301076,1909f56bfc062723c751e8b465ee728b)  -> (artifact id: 'a76b72e797b750ded194708670f66038') in 0.005873 seconds 
  Import took 0.008911 seconds .

========================================================================
Received Import Request.
  Time since last request: 24.557799 seconds.
  path: Assets/Prefabs/CreditMenu.prefab
  artifactKey: Guid(372a6c86877fc107fb1b4304acb38f0b) Importer(815301076,1909f56bfc062723c751e8b465ee728b)
Start importing Assets/Prefabs/CreditMenu.prefab using Guid(372a6c86877fc107fb1b4304acb38f0b) Importer(815301076,1909f56bfc062723c751e8b465ee728b)  -> (artifact id: 'a170b1648dce1651702ec57d6ca9c56e') in 0.004364 seconds 
  Import took 0.007315 seconds .

========================================================================
Received Import Request.
  Time since last request: 8.112355 seconds.
  path: Assets/Prefabs/CreditMenu.prefab
  artifactKey: Guid(372a6c86877fc107fb1b4304acb38f0b) Importer(815301076,1909f56bfc062723c751e8b465ee728b)
Start importing Assets/Prefabs/CreditMenu.prefab using Guid(372a6c86877fc107fb1b4304acb38f0b) Importer(815301076,1909f56bfc062723c751e8b465ee728b)  -> (artifact id: 'b340089038794fe97d05869c332eb774') in 0.003997 seconds 
  Import took 0.006518 seconds .

========================================================================
Received Import Request.
  Time since last request: 1.912843 seconds.
  path: Assets/Prefabs/CreditMenu.prefab
  artifactKey: Guid(372a6c86877fc107fb1b4304acb38f0b) Importer(815301076,1909f56bfc062723c751e8b465ee728b)
Start importing Assets/Prefabs/CreditMenu.prefab using Guid(372a6c86877fc107fb1b4304acb38f0b) Importer(815301076,1909f56bfc062723c751e8b465ee728b)  -> (artifact id: 'e19fa0a418d7618b780867d849afa922') in 0.006406 seconds 
  Import took 0.010338 seconds .

========================================================================
Received Import Request.
  Time since last request: 10.779722 seconds.
  path: Assets/Prefabs/CreditMenu.prefab
  artifactKey: Guid(372a6c86877fc107fb1b4304acb38f0b) Importer(815301076,1909f56bfc062723c751e8b465ee728b)
Start importing Assets/Prefabs/CreditMenu.prefab using Guid(372a6c86877fc107fb1b4304acb38f0b) Importer(815301076,1909f56bfc062723c751e8b465ee728b)  -> (artifact id: '08db0b06a055ccec2751324794af74f4') in 0.004992 seconds 
  Import took 0.009074 seconds .

========================================================================
Received Import Request.
  Time since last request: 12.629416 seconds.
  path: Assets/Prefabs/CreditMenu.prefab
  artifactKey: Guid(372a6c86877fc107fb1b4304acb38f0b) Importer(815301076,1909f56bfc062723c751e8b465ee728b)
Start importing Assets/Prefabs/CreditMenu.prefab using Guid(372a6c86877fc107fb1b4304acb38f0b) Importer(815301076,1909f56bfc062723c751e8b465ee728b)  -> (artifact id: '331834a968dfe375bf4445efafce3ce1') in 0.003413 seconds 
  Import took 0.006357 seconds .

========================================================================
Received Import Request.
  Time since last request: 0.392811 seconds.
  path: Assets/Prefabs/CreditMenu.prefab
  artifactKey: Guid(372a6c86877fc107fb1b4304acb38f0b) Importer(815301076,1909f56bfc062723c751e8b465ee728b)
Start importing Assets/Prefabs/CreditMenu.prefab using Guid(372a6c86877fc107fb1b4304acb38f0b) Importer(815301076,1909f56bfc062723c751e8b465ee728b)  -> (artifact id: 'f7e263ae28e8e68032e47cb8ed6e3759') in 0.005566 seconds 
  Import took 0.007999 seconds .

========================================================================
Received Import Request.
  Time since last request: 0.607444 seconds.
  path: Assets/Prefabs/CreditMenu.prefab
  artifactKey: Guid(372a6c86877fc107fb1b4304acb38f0b) Importer(815301076,1909f56bfc062723c751e8b465ee728b)
Start importing Assets/Prefabs/CreditMenu.prefab using Guid(372a6c86877fc107fb1b4304acb38f0b) Importer(815301076,1909f56bfc062723c751e8b465ee728b)  -> (artifact id: '15158c118d90b3dfa67922c5e710cd2c') in 0.003445 seconds 
  Import took 0.006693 seconds .

========================================================================
Received Import Request.
  Time since last request: 15.388138 seconds.
  path: Assets/Prefabs/CreditMenu.prefab
  artifactKey: Guid(372a6c86877fc107fb1b4304acb38f0b) Importer(815301076,1909f56bfc062723c751e8b465ee728b)
Start importing Assets/Prefabs/CreditMenu.prefab using Guid(372a6c86877fc107fb1b4304acb38f0b) Importer(815301076,1909f56bfc062723c751e8b465ee728b)  -> (artifact id: '5ebb245a8112be03277e7c80cccc6c1c') in 0.004292 seconds 
  Import took 0.006620 seconds .

========================================================================
Received Import Request.
  Time since last request: 7.089322 seconds.
  path: Assets/Prefabs/CreditMenu.prefab
  artifactKey: Guid(372a6c86877fc107fb1b4304acb38f0b) Importer(815301076,1909f56bfc062723c751e8b465ee728b)
Start importing Assets/Prefabs/CreditMenu.prefab using Guid(372a6c86877fc107fb1b4304acb38f0b) Importer(815301076,1909f56bfc062723c751e8b465ee728b)  -> (artifact id: '4de89de7ad4aea81e8cea7bd21b0e9f1') in 0.004161 seconds 
  Import took 0.007066 seconds .

========================================================================
Received Import Request.
  Time since last request: 12.071169 seconds.
  path: Assets/Prefabs/CreditMenu.prefab
  artifactKey: Guid(372a6c86877fc107fb1b4304acb38f0b) Importer(815301076,1909f56bfc062723c751e8b465ee728b)
Start importing Assets/Prefabs/CreditMenu.prefab using Guid(372a6c86877fc107fb1b4304acb38f0b) Importer(815301076,1909f56bfc062723c751e8b465ee728b)  -> (artifact id: 'ea14959ab37685ce044d6f25c121120f') in 0.005424 seconds 
  Import took 0.008092 seconds .

========================================================================
Received Import Request.
  Time since last request: 20.429639 seconds.
  path: Assets/Prefabs/CreditMenu.prefab
  artifactKey: Guid(372a6c86877fc107fb1b4304acb38f0b) Importer(815301076,1909f56bfc062723c751e8b465ee728b)
Start importing Assets/Prefabs/CreditMenu.prefab using Guid(372a6c86877fc107fb1b4304acb38f0b) Importer(815301076,1909f56bfc062723c751e8b465ee728b)  -> (artifact id: '9cff2f9ba0a1eb9e82f8cc27e7b3de5c') in 0.004922 seconds 
  Import took 0.008959 seconds .

========================================================================
Received Import Request.
  Time since last request: 4.410942 seconds.
  path: Assets/Prefabs/CreditMenu.prefab
  artifactKey: Guid(372a6c86877fc107fb1b4304acb38f0b) Importer(815301076,1909f56bfc062723c751e8b465ee728b)
Start importing Assets/Prefabs/CreditMenu.prefab using Guid(372a6c86877fc107fb1b4304acb38f0b) Importer(815301076,1909f56bfc062723c751e8b465ee728b)  -> (artifact id: '1ff54a122fbaf0c1fc91891041ce8bc1') in 0.004758 seconds 
  Import took 0.007272 seconds .

========================================================================
Received Import Request.
  Time since last request: 12.612403 seconds.
  path: Assets/Prefabs/CreditMenu.prefab
  artifactKey: Guid(372a6c86877fc107fb1b4304acb38f0b) Importer(815301076,1909f56bfc062723c751e8b465ee728b)
Start importing Assets/Prefabs/CreditMenu.prefab using Guid(372a6c86877fc107fb1b4304acb38f0b) Importer(815301076,1909f56bfc062723c751e8b465ee728b)  -> (artifact id: 'f8650da5fc40bde4a137206f444d8a09') in 0.004164 seconds 
  Import took 0.008587 seconds .

========================================================================
Received Import Request.
  Time since last request: 14.130986 seconds.
  path: Assets/Prefabs/CreditMenu.prefab
  artifactKey: Guid(372a6c86877fc107fb1b4304acb38f0b) Importer(815301076,1909f56bfc062723c751e8b465ee728b)
Start importing Assets/Prefabs/CreditMenu.prefab using Guid(372a6c86877fc107fb1b4304acb38f0b) Importer(815301076,1909f56bfc062723c751e8b465ee728b)  -> (artifact id: '52d511ad5af888b6c1025d4832fea7f9') in 0.003151 seconds 
  Import took 0.005870 seconds .

========================================================================
Received Import Request.
  Time since last request: 5.555671 seconds.
  path: Assets/Prefabs/OptionMenu.prefab
  artifactKey: Guid(ca07b6951d6799819b7688bd87d18308) Importer(815301076,1909f56bfc062723c751e8b465ee728b)
Start importing Assets/Prefabs/OptionMenu.prefab using Guid(ca07b6951d6799819b7688bd87d18308) Importer(815301076,1909f56bfc062723c751e8b465ee728b)  -> (artifact id: '082b6b4710efd6d3e0364317118244d2') in 0.004315 seconds 
  Import took 0.006864 seconds .

========================================================================
Received Import Request.
  Time since last request: 17.666247 seconds.
  path: Assets/Scripts/CreditMenu.cs
  artifactKey: Guid(4aa938bda212dab84a13d0d531d55843) Importer(815301076,1909f56bfc062723c751e8b465ee728b)
Start importing Assets/Scripts/CreditMenu.cs using Guid(4aa938bda212dab84a13d0d531d55843) Importer(815301076,1909f56bfc062723c751e8b465ee728b)  -> (artifact id: 'ebde0ae0e82cac0e185ff703575a3c72') in 0.002645 seconds 
  Import took 0.006097 seconds .

========================================================================
Received Prepare
Registering precompiled user dll's ...
Registered in 0.001825 seconds.
Begin MonoManager ReloadAssembly
Native extension for LinuxStandalone target not found
Refreshing native plugins compatible for Editor in 0.26 ms, found 0 plugins.
Preloading 0 native plugins for Editor in 0.00 ms.
Mono: successfully reloaded assembly
- Completed reload, in  0.844 seconds
Domain Reload Profiling:
	ReloadAssembly (844ms)
		BeginReloadAssembly (80ms)
			ExecutionOrderSort (0ms)
			DisableScriptedObjects (4ms)
			BackupInstance (0ms)
			ReleaseScriptingObjects (0ms)
			CreateAndSetChildDomain (33ms)
		EndReloadAssembly (709ms)
			LoadAssemblies (59ms)
			RebuildTransferFunctionScriptingTraits (0ms)
			SetupTypeCache (246ms)
			ReleaseScriptCaches (1ms)
			RebuildScriptCaches (37ms)
			SetupLoadedEditorAssemblies (259ms)
				LogAssemblyErrors (0ms)
				InitializePlatformSupportModulesInManaged (6ms)
				SetLoadedEditorAssemblies (0ms)
				RefreshPlugins (0ms)
				BeforeProcessingInitializeOnLoad (55ms)
				ProcessInitializeOnLoadAttributes (190ms)
				ProcessInitializeOnLoadMethodAttributes (3ms)
				AfterProcessingInitializeOnLoad (4ms)
				EditorAssembliesLoaded (0ms)
			ExecutionOrderSort2 (0ms)
			AwakeInstancesAfterBackupRestoration (7ms)
Platform modules already initialized, skipping
Refreshing native plugins compatible for Editor in 0.27 ms, found 0 plugins.
Preloading 0 native plugins for Editor in 0.00 ms.
Unloading 1395 Unused Serialized files (Serialized files now loaded: 0)
System memory in use before: 59.4 MB.
System memory in use after: 59.4 MB.

Unloading 13 unused Assets to reduce memory usage. Loaded Objects now: 1856.
Total: 4.585732 ms (FindLiveObjects: 0.240427 ms CreateObjectMapping: 0.058796 ms MarkObjects: 4.222951 ms  DeleteObjects: 0.062090 ms)

AssetImportParameters requested are different than current active one (requested -> active):
  custom:video-decoder-ogg-theora: a1e56fd34408186e4bbccfd4996cb3dc -> 
  custom:container-muxer-webm: aa71ff27fc2769a1b78a27578f13a17b -> 
  custom:container-demuxer-webm: 4f35f7cbe854078d1ac9338744f61a02 -> 
  custom:container-demuxer-ogg: 62fdf1f143b41e24485cea50d1cbac27 -> 
  custom:video-encoder-webm-vp8: eb34c28f22e8b96e1ab97ce403110664 -> 
  custom:video-decoder-webm-vp8: 9c59270c3fd7afecdb556c50c9e8de78 -> 
  custom:audio-decoder-ogg-vorbis: bf7c407c2cedff20999df2af8eb42d56 -> 
  custom:audio-encoder-webm-vorbis: bf7c407c2cedff20999df2af8eb42d56 -> 
========================================================================
Received Prepare
Registering precompiled user dll's ...
Registered in 0.001742 seconds.
Begin MonoManager ReloadAssembly
Native extension for LinuxStandalone target not found
Refreshing native plugins compatible for Editor in 0.26 ms, found 0 plugins.
Preloading 0 native plugins for Editor in 0.00 ms.
Mono: successfully reloaded assembly
- Completed reload, in  0.818 seconds
Domain Reload Profiling:
	ReloadAssembly (818ms)
		BeginReloadAssembly (78ms)
			ExecutionOrderSort (0ms)
			DisableScriptedObjects (4ms)
			BackupInstance (0ms)
			ReleaseScriptingObjects (0ms)
			CreateAndSetChildDomain (31ms)
		EndReloadAssembly (686ms)
			LoadAssemblies (57ms)
			RebuildTransferFunctionScriptingTraits (0ms)
			SetupTypeCache (242ms)
			ReleaseScriptCaches (1ms)
			RebuildScriptCaches (37ms)
			SetupLoadedEditorAssemblies (250ms)
				LogAssemblyErrors (0ms)
				InitializePlatformSupportModulesInManaged (5ms)
				SetLoadedEditorAssemblies (0ms)
				RefreshPlugins (0ms)
				BeforeProcessingInitializeOnLoad (53ms)
				ProcessInitializeOnLoadAttributes (183ms)
				ProcessInitializeOnLoadMethodAttributes (3ms)
				AfterProcessingInitializeOnLoad (4ms)
				EditorAssembliesLoaded (0ms)
			ExecutionOrderSort2 (0ms)
			AwakeInstancesAfterBackupRestoration (7ms)
Platform modules already initialized, skipping
Refreshing native plugins compatible for Editor in 0.29 ms, found 0 plugins.
Preloading 0 native plugins for Editor in 0.00 ms.
Unloading 1396 Unused Serialized files (Serialized files now loaded: 0)
System memory in use before: 59.4 MB.
System memory in use after: 59.5 MB.

Unloading 11 unused Assets to reduce memory usage. Loaded Objects now: 1859.
Total: 4.211436 ms (FindLiveObjects: 0.145835 ms CreateObjectMapping: 0.034702 ms MarkObjects: 3.996792 ms  DeleteObjects: 0.033053 ms)

AssetImportParameters requested are different than current active one (requested -> active):
  custom:video-decoder-ogg-theora: a1e56fd34408186e4bbccfd4996cb3dc -> 
  custom:container-muxer-webm: aa71ff27fc2769a1b78a27578f13a17b -> 
  custom:container-demuxer-webm: 4f35f7cbe854078d1ac9338744f61a02 -> 
  custom:container-demuxer-ogg: 62fdf1f143b41e24485cea50d1cbac27 -> 
  custom:video-encoder-webm-vp8: eb34c28f22e8b96e1ab97ce403110664 -> 
  custom:video-decoder-webm-vp8: 9c59270c3fd7afecdb556c50c9e8de78 -> 
  custom:audio-decoder-ogg-vorbis: bf7c407c2cedff20999df2af8eb42d56 -> 
  custom:audio-encoder-webm-vorbis: bf7c407c2cedff20999df2af8eb42d56 -> 
========================================================================
Received Import Request.
  Time since last request: 22.711736 seconds.
  path: Assets/Prefabs/OptionMenu.prefab
  artifactKey: Guid(ca07b6951d6799819b7688bd87d18308) Importer(815301076,1909f56bfc062723c751e8b465ee728b)
Start importing Assets/Prefabs/OptionMenu.prefab using Guid(ca07b6951d6799819b7688bd87d18308) Importer(815301076,1909f56bfc062723c751e8b465ee728b)  -> (artifact id: '8c7bb50cbe078513b3a885e3858b4bf2') in 0.034701 seconds 
  Import took 0.036816 seconds .

========================================================================
Received Import Request.
  Time since last request: 3.523839 seconds.
  path: Assets/Prefabs/CreditMenu.prefab
  artifactKey: Guid(372a6c86877fc107fb1b4304acb38f0b) Importer(815301076,1909f56bfc062723c751e8b465ee728b)
Start importing Assets/Prefabs/CreditMenu.prefab using Guid(372a6c86877fc107fb1b4304acb38f0b) Importer(815301076,1909f56bfc062723c751e8b465ee728b)  -> (artifact id: '273703169b92c97506306ed21e02485b') in 0.004445 seconds 
  Import took 0.008688 seconds .

========================================================================
Received Prepare
Registering precompiled user dll's ...
Registered in 0.001731 seconds.
Begin MonoManager ReloadAssembly
Native extension for LinuxStandalone target not found
Refreshing native plugins compatible for Editor in 0.33 ms, found 0 plugins.
Preloading 0 native plugins for Editor in 0.00 ms.
Mono: successfully reloaded assembly
- Completed reload, in  0.851 seconds
Domain Reload Profiling:
	ReloadAssembly (851ms)
		BeginReloadAssembly (85ms)
			ExecutionOrderSort (0ms)
			DisableScriptedObjects (6ms)
			BackupInstance (0ms)
			ReleaseScriptingObjects (0ms)
			CreateAndSetChildDomain (33ms)
		EndReloadAssembly (712ms)
			LoadAssemblies (58ms)
			RebuildTransferFunctionScriptingTraits (0ms)
			SetupTypeCache (253ms)
			ReleaseScriptCaches (1ms)
			RebuildScriptCaches (38ms)
			SetupLoadedEditorAssemblies (251ms)
				LogAssemblyErrors (0ms)
				InitializePlatformSupportModulesInManaged (5ms)
				SetLoadedEditorAssemblies (0ms)
				RefreshPlugins (0ms)
				BeforeProcessingInitializeOnLoad (56ms)
				ProcessInitializeOnLoadAttributes (182ms)
				ProcessInitializeOnLoadMethodAttributes (3ms)
				AfterProcessingInitializeOnLoad (4ms)
				EditorAssembliesLoaded (0ms)
			ExecutionOrderSort2 (0ms)
			AwakeInstancesAfterBackupRestoration (7ms)
Platform modules already initialized, skipping
Refreshing native plugins compatible for Editor in 0.35 ms, found 0 plugins.
Preloading 0 native plugins for Editor in 0.00 ms.
Unloading 1396 Unused Serialized files (Serialized files now loaded: 0)
System memory in use before: 59.4 MB.
System memory in use after: 59.5 MB.

Unloading 13 unused Assets to reduce memory usage. Loaded Objects now: 1861.
Total: 5.548822 ms (FindLiveObjects: 0.278572 ms CreateObjectMapping: 0.098243 ms MarkObjects: 5.048553 ms  DeleteObjects: 0.120409 ms)

AssetImportParameters requested are different than current active one (requested -> active):
  custom:video-decoder-ogg-theora: a1e56fd34408186e4bbccfd4996cb3dc -> 
  custom:container-muxer-webm: aa71ff27fc2769a1b78a27578f13a17b -> 
  custom:container-demuxer-webm: 4f35f7cbe854078d1ac9338744f61a02 -> 
  custom:container-demuxer-ogg: 62fdf1f143b41e24485cea50d1cbac27 -> 
  custom:video-encoder-webm-vp8: eb34c28f22e8b96e1ab97ce403110664 -> 
  custom:video-decoder-webm-vp8: 9c59270c3fd7afecdb556c50c9e8de78 -> 
  custom:audio-decoder-ogg-vorbis: bf7c407c2cedff20999df2af8eb42d56 -> 
  custom:audio-encoder-webm-vorbis: bf7c407c2cedff20999df2af8eb42d56 -> 
========================================================================
Received Prepare
Registering precompiled user dll's ...
Registered in 0.001737 seconds.
Begin MonoManager ReloadAssembly
Native extension for LinuxStandalone target not found
Refreshing native plugins compatible for Editor in 0.27 ms, found 0 plugins.
Preloading 0 native plugins for Editor in 0.00 ms.
Mono: successfully reloaded assembly
- Completed reload, in  0.887 seconds
Domain Reload Profiling:
	ReloadAssembly (887ms)
		BeginReloadAssembly (79ms)
			ExecutionOrderSort (0ms)
			DisableScriptedObjects (4ms)
			BackupInstance (0ms)
			ReleaseScriptingObjects (0ms)
			CreateAndSetChildDomain (32ms)
		EndReloadAssembly (752ms)
			LoadAssemblies (57ms)
			RebuildTransferFunctionScriptingTraits (0ms)
			SetupTypeCache (249ms)
			ReleaseScriptCaches (1ms)
			RebuildScriptCaches (38ms)
			SetupLoadedEditorAssemblies (297ms)
				LogAssemblyErrors (0ms)
				InitializePlatformSupportModulesInManaged (7ms)
				SetLoadedEditorAssemblies (0ms)
				RefreshPlugins (0ms)
				BeforeProcessingInitializeOnLoad (58ms)
				ProcessInitializeOnLoadAttributes (224ms)
				ProcessInitializeOnLoadMethodAttributes (3ms)
				AfterProcessingInitializeOnLoad (4ms)
				EditorAssembliesLoaded (0ms)
			ExecutionOrderSort2 (0ms)
			AwakeInstancesAfterBackupRestoration (7ms)
Platform modules already initialized, skipping
Refreshing native plugins compatible for Editor in 0.28 ms, found 0 plugins.
Preloading 0 native plugins for Editor in 0.00 ms.
Unloading 1396 Unused Serialized files (Serialized files now loaded: 0)
System memory in use before: 59.4 MB.
System memory in use after: 59.5 MB.

Unloading 11 unused Assets to reduce memory usage. Loaded Objects now: 1863.
Total: 4.516519 ms (FindLiveObjects: 0.147504 ms CreateObjectMapping: 0.035799 ms MarkObjects: 4.290324 ms  DeleteObjects: 0.041641 ms)

AssetImportParameters requested are different than current active one (requested -> active):
  custom:video-decoder-ogg-theora: a1e56fd34408186e4bbccfd4996cb3dc -> 
  custom:container-muxer-webm: aa71ff27fc2769a1b78a27578f13a17b -> 
  custom:container-demuxer-webm: 4f35f7cbe854078d1ac9338744f61a02 -> 
  custom:container-demuxer-ogg: 62fdf1f143b41e24485cea50d1cbac27 -> 
  custom:video-encoder-webm-vp8: eb34c28f22e8b96e1ab97ce403110664 -> 
  custom:video-decoder-webm-vp8: 9c59270c3fd7afecdb556c50c9e8de78 -> 
  custom:audio-decoder-ogg-vorbis: bf7c407c2cedff20999df2af8eb42d56 -> 
  custom:audio-encoder-webm-vorbis: bf7c407c2cedff20999df2af8eb42d56 -> 
========================================================================
Received Import Request.
  Time since last request: 2222.392009 seconds.
  path: Assets/Prefabs/CreditMenu.prefab
  artifactKey: Guid(372a6c86877fc107fb1b4304acb38f0b) Importer(815301076,1909f56bfc062723c751e8b465ee728b)
Start importing Assets/Prefabs/CreditMenu.prefab using Guid(372a6c86877fc107fb1b4304acb38f0b) Importer(815301076,1909f56bfc062723c751e8b465ee728b)  -> (artifact id: 'ba9eaf8611ffa0565b39e4f5705976ec') in 0.039618 seconds 
  Import took 0.042356 seconds .

========================================================================
Received Import Request.
  Time since last request: 0.000211 seconds.
  path: Assets/Prefabs/OptionMenu.prefab
  artifactKey: Guid(ca07b6951d6799819b7688bd87d18308) Importer(815301076,1909f56bfc062723c751e8b465ee728b)
Start importing Assets/Prefabs/OptionMenu.prefab using Guid(ca07b6951d6799819b7688bd87d18308) Importer(815301076,1909f56bfc062723c751e8b465ee728b)  -> (artifact id: '4c028c7c4e2301c8232bba0269a79604') in 0.003247 seconds 
  Import took 0.005365 seconds .

========================================================================
Received Import Request.
  Time since last request: 29.929448 seconds.
  path: Assets/Prefabs/cvsMainMenu.prefab
  artifactKey: Guid(8e4d6a15ed85e8fbc83c2eaffce17844) Importer(815301076,1909f56bfc062723c751e8b465ee728b)
Start importing Assets/Prefabs/cvsMainMenu.prefab using Guid(8e4d6a15ed85e8fbc83c2eaffce17844) Importer(815301076,1909f56bfc062723c751e8b465ee728b)  -> (artifact id: 'e428c51cf9dbde97c83f04064481402d') in 0.005419 seconds 
  Import took 0.008026 seconds .

========================================================================
Received Import Request.
  Time since last request: 12.047170 seconds.
  path: Assets/Prefabs/cvsMainMenu.prefab
  artifactKey: Guid(8e4d6a15ed85e8fbc83c2eaffce17844) Importer(815301076,1909f56bfc062723c751e8b465ee728b)
Start importing Assets/Prefabs/cvsMainMenu.prefab using Guid(8e4d6a15ed85e8fbc83c2eaffce17844) Importer(815301076,1909f56bfc062723c751e8b465ee728b)  -> (artifact id: '5a10e0da022d5d10b06f9daabc194bf7') in 0.003913 seconds 
  Import took 0.008449 seconds .

========================================================================
Received Import Request.
  Time since last request: 5.196111 seconds.
  path: Assets/Prefabs/cvsMainMenu.prefab
  artifactKey: Guid(8e4d6a15ed85e8fbc83c2eaffce17844) Importer(815301076,1909f56bfc062723c751e8b465ee728b)
Start importing Assets/Prefabs/cvsMainMenu.prefab using Guid(8e4d6a15ed85e8fbc83c2eaffce17844) Importer(815301076,1909f56bfc062723c751e8b465ee728b)  -> (artifact id: 'df1f8138c41c5e500c2f38effebcb500') in 0.004270 seconds 
  Import took 0.006683 seconds .

========================================================================
Received Import Request.
  Time since last request: 0.849121 seconds.
  path: Assets/Prefabs/cvsMainMenu.prefab
  artifactKey: Guid(8e4d6a15ed85e8fbc83c2eaffce17844) Importer(815301076,1909f56bfc062723c751e8b465ee728b)
Start importing Assets/Prefabs/cvsMainMenu.prefab using Guid(8e4d6a15ed85e8fbc83c2eaffce17844) Importer(815301076,1909f56bfc062723c751e8b465ee728b)  -> (artifact id: '713c36cf0cfa863184c0176871504d7d') in 0.004325 seconds 
  Import took 0.007092 seconds .

========================================================================
Received Import Request.
  Time since last request: 9.665877 seconds.
  path: Assets/Prefabs/cvsMainMenu.prefab
  artifactKey: Guid(8e4d6a15ed85e8fbc83c2eaffce17844) Importer(815301076,1909f56bfc062723c751e8b465ee728b)
Start importing Assets/Prefabs/cvsMainMenu.prefab using Guid(8e4d6a15ed85e8fbc83c2eaffce17844) Importer(815301076,1909f56bfc062723c751e8b465ee728b)  -> (artifact id: '081ecc102e492f9e2f8b24fa67540b73') in 0.004763 seconds 
  Import took 0.008543 seconds .

========================================================================
Received Import Request.
  Time since last request: 5.184450 seconds.
  path: Assets/Prefabs/cvsMainMenu.prefab
  artifactKey: Guid(8e4d6a15ed85e8fbc83c2eaffce17844) Importer(815301076,1909f56bfc062723c751e8b465ee728b)
Start importing Assets/Prefabs/cvsMainMenu.prefab using Guid(8e4d6a15ed85e8fbc83c2eaffce17844) Importer(815301076,1909f56bfc062723c751e8b465ee728b)  -> (artifact id: 'c734bfa265e423e80d9ac7b47f76d438') in 0.003488 seconds 
  Import took 0.006080 seconds .

========================================================================
Received Import Request.
  Time since last request: 4.074466 seconds.
  path: Assets/Prefabs/cvsMainMenu.prefab
  artifactKey: Guid(8e4d6a15ed85e8fbc83c2eaffce17844) Importer(815301076,1909f56bfc062723c751e8b465ee728b)
Start importing Assets/Prefabs/cvsMainMenu.prefab using Guid(8e4d6a15ed85e8fbc83c2eaffce17844) Importer(815301076,1909f56bfc062723c751e8b465ee728b)  -> (artifact id: '631e5257d017605675e4d93667623e12') in 0.003620 seconds 
  Import took 0.005959 seconds .

========================================================================
Received Import Request.
  Time since last request: 3.065888 seconds.
  path: Assets/Prefabs/cvsMainMenu.prefab
  artifactKey: Guid(8e4d6a15ed85e8fbc83c2eaffce17844) Importer(815301076,1909f56bfc062723c751e8b465ee728b)
Start importing Assets/Prefabs/cvsMainMenu.prefab using Guid(8e4d6a15ed85e8fbc83c2eaffce17844) Importer(815301076,1909f56bfc062723c751e8b465ee728b)  -> (artifact id: '056dad49e01928be37c0d41e8f906409') in 0.004125 seconds 
  Import took 0.008260 seconds .

========================================================================
Received Import Request.
  Time since last request: 2.484769 seconds.
  path: Assets/Prefabs/cvsMainMenu.prefab
  artifactKey: Guid(8e4d6a15ed85e8fbc83c2eaffce17844) Importer(815301076,1909f56bfc062723c751e8b465ee728b)
Start importing Assets/Prefabs/cvsMainMenu.prefab using Guid(8e4d6a15ed85e8fbc83c2eaffce17844) Importer(815301076,1909f56bfc062723c751e8b465ee728b)  -> (artifact id: '8f337d4b455aef6513a77e9c2533836c') in 0.003584 seconds 
  Import took 0.006563 seconds .

========================================================================
Received Import Request.
  Time since last request: 2.021464 seconds.
  path: Assets/Prefabs/cvsMainMenu.prefab
  artifactKey: Guid(8e4d6a15ed85e8fbc83c2eaffce17844) Importer(815301076,1909f56bfc062723c751e8b465ee728b)
Start importing Assets/Prefabs/cvsMainMenu.prefab using Guid(8e4d6a15ed85e8fbc83c2eaffce17844) Importer(815301076,1909f56bfc062723c751e8b465ee728b)  -> (artifact id: '2a839ffb2e2f39a9b211940b0d5b2aed') in 0.003807 seconds 
  Import took 0.007220 seconds .

========================================================================
Received Import Request.
  Time since last request: 1.824283 seconds.
  path: Assets/Prefabs/cvsMainMenu.prefab
  artifactKey: Guid(8e4d6a15ed85e8fbc83c2eaffce17844) Importer(815301076,1909f56bfc062723c751e8b465ee728b)
Start importing Assets/Prefabs/cvsMainMenu.prefab using Guid(8e4d6a15ed85e8fbc83c2eaffce17844) Importer(815301076,1909f56bfc062723c751e8b465ee728b)  -> (artifact id: '9ee1e2dd512174a13f59ed1209dc1372') in 0.004139 seconds 
  Import took 0.007572 seconds .

========================================================================
Received Import Request.
  Time since last request: 4.265737 seconds.
  path: Assets/Prefabs/cvsMainMenu.prefab
  artifactKey: Guid(8e4d6a15ed85e8fbc83c2eaffce17844) Importer(815301076,1909f56bfc062723c751e8b465ee728b)
Start importing Assets/Prefabs/cvsMainMenu.prefab using Guid(8e4d6a15ed85e8fbc83c2eaffce17844) Importer(815301076,1909f56bfc062723c751e8b465ee728b)  -> (artifact id: 'e210dc5b7670c9a4013c82dbb64a5dd9') in 0.003598 seconds 
  Import took 0.005976 seconds .

========================================================================
Received Import Request.
  Time since last request: 2.057270 seconds.
  path: Assets/Prefabs/cvsMainMenu.prefab
  artifactKey: Guid(8e4d6a15ed85e8fbc83c2eaffce17844) Importer(815301076,1909f56bfc062723c751e8b465ee728b)
Start importing Assets/Prefabs/cvsMainMenu.prefab using Guid(8e4d6a15ed85e8fbc83c2eaffce17844) Importer(815301076,1909f56bfc062723c751e8b465ee728b)  -> (artifact id: '15332bc8fe6aaf7538da3570af44da87') in 0.003976 seconds 
  Import took 0.006693 seconds .

========================================================================
Received Import Request.
  Time since last request: 3.270099 seconds.
  path: Assets/Prefabs/cvsMainMenu.prefab
  artifactKey: Guid(8e4d6a15ed85e8fbc83c2eaffce17844) Importer(815301076,1909f56bfc062723c751e8b465ee728b)
Start importing Assets/Prefabs/cvsMainMenu.prefab using Guid(8e4d6a15ed85e8fbc83c2eaffce17844) Importer(815301076,1909f56bfc062723c751e8b465ee728b)  -> (artifact id: '26ccb0ccc62d703d7c3f65f9bddca150') in 0.004282 seconds 
  Import took 0.006572 seconds .

========================================================================
Received Import Request.
  Time since last request: 5.361523 seconds.
  path: Assets/Prefabs/cvsMainMenu.prefab
  artifactKey: Guid(8e4d6a15ed85e8fbc83c2eaffce17844) Importer(815301076,1909f56bfc062723c751e8b465ee728b)
Start importing Assets/Prefabs/cvsMainMenu.prefab using Guid(8e4d6a15ed85e8fbc83c2eaffce17844) Importer(815301076,1909f56bfc062723c751e8b465ee728b)  -> (artifact id: 'd7547a1e714ef9ffbbb51e575851a707') in 0.003921 seconds 
  Import took 0.007041 seconds .

========================================================================
Received Import Request.
  Time since last request: 5.165953 seconds.
  path: Assets/Prefabs/CreditMenu.prefab
  artifactKey: Guid(372a6c86877fc107fb1b4304acb38f0b) Importer(815301076,1909f56bfc062723c751e8b465ee728b)
Start importing Assets/Prefabs/CreditMenu.prefab using Guid(372a6c86877fc107fb1b4304acb38f0b) Importer(815301076,1909f56bfc062723c751e8b465ee728b)  -> (artifact id: 'bb25da927d919c22bdfc99477840ceef') in 0.003945 seconds 
  Import took 0.006890 seconds .

========================================================================
Received Import Request.
  Time since last request: 2.842370 seconds.
  path: Assets/Prefabs/CreditMenu.prefab
  artifactKey: Guid(372a6c86877fc107fb1b4304acb38f0b) Importer(815301076,1909f56bfc062723c751e8b465ee728b)
Start importing Assets/Prefabs/CreditMenu.prefab using Guid(372a6c86877fc107fb1b4304acb38f0b) Importer(815301076,1909f56bfc062723c751e8b465ee728b)  -> (artifact id: 'd85eb2a9921409e9d41a5a8c6c379dac') in 0.004056 seconds 
  Import took 0.006898 seconds .

========================================================================
Received Import Request.
  Time since last request: 8.223254 seconds.
  path: Assets/Prefabs/CreditMenu.prefab
  artifactKey: Guid(372a6c86877fc107fb1b4304acb38f0b) Importer(815301076,1909f56bfc062723c751e8b465ee728b)
Start importing Assets/Prefabs/CreditMenu.prefab using Guid(372a6c86877fc107fb1b4304acb38f0b) Importer(815301076,1909f56bfc062723c751e8b465ee728b)  -> (artifact id: 'c1d66f9fb789f3d7762e54f220359cfc') in 0.004689 seconds 
  Import took 0.007803 seconds .

========================================================================
Received Import Request.
  Time since last request: 5.582302 seconds.
  path: Assets/Prefabs/OptionMenu.prefab
  artifactKey: Guid(ca07b6951d6799819b7688bd87d18308) Importer(815301076,1909f56bfc062723c751e8b465ee728b)
Start importing Assets/Prefabs/OptionMenu.prefab using Guid(ca07b6951d6799819b7688bd87d18308) Importer(815301076,1909f56bfc062723c751e8b465ee728b)  -> (artifact id: '6f3510c9c87acb4cd47927e8755634d8') in 0.004577 seconds 
  Import took 0.007673 seconds .

========================================================================
Received Import Request.
  Time since last request: 3.435283 seconds.
  path: Assets/Prefabs/OptionMenu.prefab
  artifactKey: Guid(ca07b6951d6799819b7688bd87d18308) Importer(815301076,1909f56bfc062723c751e8b465ee728b)
Start importing Assets/Prefabs/OptionMenu.prefab using Guid(ca07b6951d6799819b7688bd87d18308) Importer(815301076,1909f56bfc062723c751e8b465ee728b)  -> (artifact id: '621010fc6680693490d48882305fbfe8') in 0.005386 seconds 
  Import took 0.008626 seconds .

========================================================================
Received Import Request.
  Time since last request: 3.772060 seconds.
  path: Assets/Prefabs/OptionMenu.prefab
  artifactKey: Guid(ca07b6951d6799819b7688bd87d18308) Importer(815301076,1909f56bfc062723c751e8b465ee728b)
Start importing Assets/Prefabs/OptionMenu.prefab using Guid(ca07b6951d6799819b7688bd87d18308) Importer(815301076,1909f56bfc062723c751e8b465ee728b)  -> (artifact id: 'd52f7b3a791206c8887cb9b9fc5b69bb') in 0.003345 seconds 
  Import took 0.006903 seconds .

========================================================================
Received Prepare
Registering precompiled user dll's ...
Registered in 0.002390 seconds.
Begin MonoManager ReloadAssembly
Native extension for LinuxStandalone target not found
Refreshing native plugins compatible for Editor in 0.29 ms, found 0 plugins.
Preloading 0 native plugins for Editor in 0.00 ms.
Mono: successfully reloaded assembly
- Completed reload, in  0.972 seconds
Domain Reload Profiling:
	ReloadAssembly (972ms)
		BeginReloadAssembly (100ms)
			ExecutionOrderSort (0ms)
			DisableScriptedObjects (6ms)
			BackupInstance (0ms)
			ReleaseScriptingObjects (0ms)
			CreateAndSetChildDomain (44ms)
		EndReloadAssembly (807ms)
			LoadAssemblies (75ms)
			RebuildTransferFunctionScriptingTraits (0ms)
			SetupTypeCache (305ms)
			ReleaseScriptCaches (1ms)
			RebuildScriptCaches (43ms)
			SetupLoadedEditorAssemblies (269ms)
				LogAssemblyErrors (0ms)
				InitializePlatformSupportModulesInManaged (7ms)
				SetLoadedEditorAssemblies (1ms)
				RefreshPlugins (0ms)
				BeforeProcessingInitializeOnLoad (63ms)
				ProcessInitializeOnLoadAttributes (192ms)
				ProcessInitializeOnLoadMethodAttributes (3ms)
				AfterProcessingInitializeOnLoad (4ms)
				EditorAssembliesLoaded (0ms)
			ExecutionOrderSort2 (0ms)
			AwakeInstancesAfterBackupRestoration (6ms)
Platform modules already initialized, skipping
Refreshing native plugins compatible for Editor in 0.27 ms, found 0 plugins.
Preloading 0 native plugins for Editor in 0.00 ms.
Unloading 1396 Unused Serialized files (Serialized files now loaded: 0)
System memory in use before: 59.4 MB.
System memory in use after: 59.5 MB.

Unloading 13 unused Assets to reduce memory usage. Loaded Objects now: 1865.
Total: 4.315673 ms (FindLiveObjects: 0.156141 ms CreateObjectMapping: 0.033157 ms MarkObjects: 4.079747 ms  DeleteObjects: 0.045535 ms)

AssetImportParameters requested are different than current active one (requested -> active):
  custom:video-decoder-ogg-theora: a1e56fd34408186e4bbccfd4996cb3dc -> 
  custom:container-muxer-webm: aa71ff27fc2769a1b78a27578f13a17b -> 
  custom:container-demuxer-webm: 4f35f7cbe854078d1ac9338744f61a02 -> 
  custom:container-demuxer-ogg: 62fdf1f143b41e24485cea50d1cbac27 -> 
  custom:video-encoder-webm-vp8: eb34c28f22e8b96e1ab97ce403110664 -> 
  custom:video-decoder-webm-vp8: 9c59270c3fd7afecdb556c50c9e8de78 -> 
  custom:audio-decoder-ogg-vorbis: bf7c407c2cedff20999df2af8eb42d56 -> 
  custom:audio-encoder-webm-vorbis: bf7c407c2cedff20999df2af8eb42d56 -> 
========================================================================
Received Prepare
Registering precompiled user dll's ...
Registered in 0.001858 seconds.
Begin MonoManager ReloadAssembly
Native extension for LinuxStandalone target not found
Refreshing native plugins compatible for Editor in 0.26 ms, found 0 plugins.
Preloading 0 native plugins for Editor in 0.00 ms.
Mono: successfully reloaded assembly
- Completed reload, in  0.914 seconds
Domain Reload Profiling:
	ReloadAssembly (914ms)
		BeginReloadAssembly (88ms)
			ExecutionOrderSort (0ms)
			DisableScriptedObjects (4ms)
			BackupInstance (0ms)
			ReleaseScriptingObjects (0ms)
			CreateAndSetChildDomain (38ms)
		EndReloadAssembly (768ms)
			LoadAssemblies (64ms)
			RebuildTransferFunctionScriptingTraits (0ms)
			SetupTypeCache (271ms)
			ReleaseScriptCaches (1ms)
			RebuildScriptCaches (46ms)
			SetupLoadedEditorAssemblies (269ms)
				LogAssemblyErrors (0ms)
				InitializePlatformSupportModulesInManaged (6ms)
				SetLoadedEditorAssemblies (0ms)
				RefreshPlugins (0ms)
				BeforeProcessingInitializeOnLoad (57ms)
				ProcessInitializeOnLoadAttributes (197ms)
				ProcessInitializeOnLoadMethodAttributes (4ms)
				AfterProcessingInitializeOnLoad (5ms)
				EditorAssembliesLoaded (0ms)
			ExecutionOrderSort2 (0ms)
			AwakeInstancesAfterBackupRestoration (7ms)
Platform modules already initialized, skipping
Refreshing native plugins compatible for Editor in 0.28 ms, found 0 plugins.
Preloading 0 native plugins for Editor in 0.00 ms.
Unloading 1396 Unused Serialized files (Serialized files now loaded: 0)
System memory in use before: 59.4 MB.
System memory in use after: 59.5 MB.

Unloading 11 unused Assets to reduce memory usage. Loaded Objects now: 1867.
Total: 4.486016 ms (FindLiveObjects: 0.187464 ms CreateObjectMapping: 0.051641 ms MarkObjects: 4.180414 ms  DeleteObjects: 0.064966 ms)

AssetImportParameters requested are different than current active one (requested -> active):
  custom:video-decoder-ogg-theora: a1e56fd34408186e4bbccfd4996cb3dc -> 
  custom:container-muxer-webm: aa71ff27fc2769a1b78a27578f13a17b -> 
  custom:container-demuxer-webm: 4f35f7cbe854078d1ac9338744f61a02 -> 
  custom:container-demuxer-ogg: 62fdf1f143b41e24485cea50d1cbac27 -> 
  custom:video-encoder-webm-vp8: eb34c28f22e8b96e1ab97ce403110664 -> 
  custom:video-decoder-webm-vp8: 9c59270c3fd7afecdb556c50c9e8de78 -> 
  custom:audio-decoder-ogg-vorbis: bf7c407c2cedff20999df2af8eb42d56 -> 
  custom:audio-encoder-webm-vorbis: bf7c407c2cedff20999df2af8eb42d56 -> 
========================================================================
Received Import Request.
  Time since last request: 769.088848 seconds.
  path: Assets/Prefabs/OptionMenu.prefab
  artifactKey: Guid(ca07b6951d6799819b7688bd87d18308) Importer(815301076,1909f56bfc062723c751e8b465ee728b)
Start importing Assets/Prefabs/OptionMenu.prefab using Guid(ca07b6951d6799819b7688bd87d18308) Importer(815301076,1909f56bfc062723c751e8b465ee728b)  -> (artifact id: 'd4f67248ff6e475526734ea88b6abce3') in 0.040982 seconds 
  Import took 0.044008 seconds .

========================================================================
Received Import Request.
  Time since last request: 0.000185 seconds.
  path: Assets/Prefabs/CreditMenu.prefab
  artifactKey: Guid(372a6c86877fc107fb1b4304acb38f0b) Importer(815301076,1909f56bfc062723c751e8b465ee728b)
Start importing Assets/Prefabs/CreditMenu.prefab using Guid(372a6c86877fc107fb1b4304acb38f0b) Importer(815301076,1909f56bfc062723c751e8b465ee728b)  -> (artifact id: 'e67a6ee27670c9c7fd6e09ae4cb0a34d') in 0.003171 seconds 
  Import took 0.005006 seconds .

========================================================================
Received Import Request.
  Time since last request: 0.000162 seconds.
  path: Assets/Prefabs/cvsMainMenu.prefab
  artifactKey: Guid(8e4d6a15ed85e8fbc83c2eaffce17844) Importer(815301076,1909f56bfc062723c751e8b465ee728b)
Start importing Assets/Prefabs/cvsMainMenu.prefab using Guid(8e4d6a15ed85e8fbc83c2eaffce17844) Importer(815301076,1909f56bfc062723c751e8b465ee728b)  -> (artifact id: '77ad977925411e2d3df772838797b27e') in 0.003482 seconds 
  Import took 0.006930 seconds .

========================================================================
Received Prepare
Registering precompiled user dll's ...
Registered in 0.002027 seconds.
Begin MonoManager ReloadAssembly
Native extension for LinuxStandalone target not found
Refreshing native plugins compatible for Editor in 0.41 ms, found 0 plugins.
Preloading 0 native plugins for Editor in 0.00 ms.
Mono: successfully reloaded assembly
- Completed reload, in  0.845 seconds
Domain Reload Profiling:
	ReloadAssembly (845ms)
		BeginReloadAssembly (82ms)
			ExecutionOrderSort (0ms)
			DisableScriptedObjects (4ms)
			BackupInstance (0ms)
			ReleaseScriptingObjects (0ms)
			CreateAndSetChildDomain (35ms)
		EndReloadAssembly (710ms)
			LoadAssemblies (56ms)
			RebuildTransferFunctionScriptingTraits (0ms)
			SetupTypeCache (245ms)
			ReleaseScriptCaches (1ms)
			RebuildScriptCaches (37ms)
			SetupLoadedEditorAssemblies (263ms)
				LogAssemblyErrors (0ms)
				InitializePlatformSupportModulesInManaged (6ms)
				SetLoadedEditorAssemblies (1ms)
				RefreshPlugins (0ms)
				BeforeProcessingInitializeOnLoad (60ms)
				ProcessInitializeOnLoadAttributes (188ms)
				ProcessInitializeOnLoadMethodAttributes (3ms)
				AfterProcessingInitializeOnLoad (5ms)
				EditorAssembliesLoaded (0ms)
			ExecutionOrderSort2 (0ms)
			AwakeInstancesAfterBackupRestoration (7ms)
Platform modules already initialized, skipping
Refreshing native plugins compatible for Editor in 0.27 ms, found 0 plugins.
Preloading 0 native plugins for Editor in 0.00 ms.
Unloading 1396 Unused Serialized files (Serialized files now loaded: 0)
System memory in use before: 59.4 MB.
System memory in use after: 59.5 MB.

Unloading 13 unused Assets to reduce memory usage. Loaded Objects now: 1869.
Total: 4.433594 ms (FindLiveObjects: 0.161335 ms CreateObjectMapping: 0.040802 ms MarkObjects: 4.187179 ms  DeleteObjects: 0.042619 ms)

AssetImportParameters requested are different than current active one (requested -> active):
  custom:video-decoder-ogg-theora: a1e56fd34408186e4bbccfd4996cb3dc -> 
  custom:container-muxer-webm: aa71ff27fc2769a1b78a27578f13a17b -> 
  custom:container-demuxer-webm: 4f35f7cbe854078d1ac9338744f61a02 -> 
  custom:container-demuxer-ogg: 62fdf1f143b41e24485cea50d1cbac27 -> 
  custom:video-encoder-webm-vp8: eb34c28f22e8b96e1ab97ce403110664 -> 
  custom:video-decoder-webm-vp8: 9c59270c3fd7afecdb556c50c9e8de78 -> 
  custom:audio-decoder-ogg-vorbis: bf7c407c2cedff20999df2af8eb42d56 -> 
  custom:audio-encoder-webm-vorbis: bf7c407c2cedff20999df2af8eb42d56 -> 
========================================================================
Received Prepare
Registering precompiled user dll's ...
Registered in 0.002930 seconds.
Begin MonoManager ReloadAssembly
Native extension for LinuxStandalone target not found
Refreshing native plugins compatible for Editor in 0.26 ms, found 0 plugins.
Preloading 0 native plugins for Editor in 0.00 ms.
Mono: successfully reloaded assembly
- Completed reload, in  0.835 seconds
Domain Reload Profiling:
	ReloadAssembly (835ms)
		BeginReloadAssembly (80ms)
			ExecutionOrderSort (0ms)
			DisableScriptedObjects (4ms)
			BackupInstance (0ms)
			ReleaseScriptingObjects (0ms)
			CreateAndSetChildDomain (32ms)
		EndReloadAssembly (700ms)
			LoadAssemblies (58ms)
			RebuildTransferFunctionScriptingTraits (0ms)
			SetupTypeCache (250ms)
			ReleaseScriptCaches (1ms)
			RebuildScriptCaches (39ms)
			SetupLoadedEditorAssemblies (246ms)
				LogAssemblyErrors (0ms)
				InitializePlatformSupportModulesInManaged (5ms)
				SetLoadedEditorAssemblies (0ms)
				RefreshPlugins (0ms)
				BeforeProcessingInitializeOnLoad (54ms)
				ProcessInitializeOnLoadAttributes (179ms)
				ProcessInitializeOnLoadMethodAttributes (3ms)
				AfterProcessingInitializeOnLoad (4ms)
				EditorAssembliesLoaded (0ms)
			ExecutionOrderSort2 (0ms)
			AwakeInstancesAfterBackupRestoration (6ms)
Platform modules already initialized, skipping
Refreshing native plugins compatible for Editor in 0.31 ms, found 0 plugins.
Preloading 0 native plugins for Editor in 0.00 ms.
Unloading 1396 Unused Serialized files (Serialized files now loaded: 0)
System memory in use before: 59.4 MB.
System memory in use after: 59.5 MB.

Unloading 11 unused Assets to reduce memory usage. Loaded Objects now: 1871.
Total: 4.189039 ms (FindLiveObjects: 0.140838 ms CreateObjectMapping: 0.034134 ms MarkObjects: 3.979866 ms  DeleteObjects: 0.032948 ms)

AssetImportParameters requested are different than current active one (requested -> active):
  custom:video-decoder-ogg-theora: a1e56fd34408186e4bbccfd4996cb3dc -> 
  custom:container-muxer-webm: aa71ff27fc2769a1b78a27578f13a17b -> 
  custom:container-demuxer-webm: 4f35f7cbe854078d1ac9338744f61a02 -> 
  custom:container-demuxer-ogg: 62fdf1f143b41e24485cea50d1cbac27 -> 
  custom:video-encoder-webm-vp8: eb34c28f22e8b96e1ab97ce403110664 -> 
  custom:video-decoder-webm-vp8: 9c59270c3fd7afecdb556c50c9e8de78 -> 
  custom:audio-decoder-ogg-vorbis: bf7c407c2cedff20999df2af8eb42d56 -> 
  custom:audio-encoder-webm-vorbis: bf7c407c2cedff20999df2af8eb42d56 -> 
